Using pre-set license
Built from '2021.3/release' branch; Version is '2021.3.28f1 (232e59c3f087) revision 2305625'; Using compiler version '192829333'; Build Type 'Release'
OS: 'Windows 10  (10.0.19045) 64bit ProfessionalEducation' Language: 'es' Physical Memory: 3911 MB
BatchMode: 1, IsHumanControllingUs: 0, StartBugReporterOnCrash: 0, Is64bit: 1, IsPro: 1

COMMAND LINE ARGUMENTS:
C:\Program Files\Unity\Hub\Editor\2021.3.28f1\Editor\Unity.exe
-adb2
-batchMode
-noUpm
-name
AssetImportWorker0
-projectPath
C:/Users/nacho/Unity-Proyects/ExpoGame
-logFile
Logs/AssetImportWorker0.log
-srvPort
62187
Successfully changed project path to: C:/Users/nacho/Unity-Proyects/ExpoGame
C:/Users/nacho/Unity-Proyects/ExpoGame
[UnityMemory] Configuration Parameters - Can be set up in boot.config
    "memorysetup-bucket-allocator-granularity=16"
    "memorysetup-bucket-allocator-bucket-count=8"
    "memorysetup-bucket-allocator-block-size=33554432"
    "memorysetup-bucket-allocator-block-count=8"
    "memorysetup-main-allocator-block-size=16777216"
    "memorysetup-thread-allocator-block-size=16777216"
    "memorysetup-gfx-main-allocator-block-size=16777216"
    "memorysetup-gfx-thread-allocator-block-size=16777216"
    "memorysetup-cache-allocator-block-size=4194304"
    "memorysetup-typetree-allocator-block-size=2097152"
    "memorysetup-profiler-bucket-allocator-granularity=16"
    "memorysetup-profiler-bucket-allocator-bucket-count=8"
    "memorysetup-profiler-bucket-allocator-block-size=33554432"
    "memorysetup-profiler-bucket-allocator-block-count=8"
    "memorysetup-profiler-allocator-block-size=16777216"
    "memorysetup-profiler-editor-allocator-block-size=1048576"
    "memorysetup-temp-allocator-size-main=16777216"
    "memorysetup-job-temp-allocator-block-size=2097152"
    "memorysetup-job-temp-allocator-block-size-background=1048576"
    "memorysetup-job-temp-allocator-reduction-small-platforms=262144"
    "memorysetup-temp-allocator-size-background-worker=32768"
    "memorysetup-temp-allocator-size-job-worker=262144"
    "memorysetup-temp-allocator-size-preload-manager=33554432"
    "memorysetup-temp-allocator-size-nav-mesh-worker=65536"
    "memorysetup-temp-allocator-size-audio-worker=65536"
    "memorysetup-temp-allocator-size-cloud-worker=32768"
    "memorysetup-temp-allocator-size-gi-baking-worker=262144"
    "memorysetup-temp-allocator-size-gfx=262144"
Player connection [10056] Host "[IP] 192.168.0.13 [Port] 0 [Flags] 2 [Guid] 3281926839 [EditorId] 3281926839 [Version] 1048832 [Id] WindowsEditor(7,NachoConectar) [Debug] 1 [PackageName] WindowsEditor [ProjectName] Editor" joined multi-casting on [225.0.0.222:54997]...

Player connection [10056] Host "[IP] 192.168.0.13 [Port] 0 [Flags] 2 [Guid] 3281926839 [EditorId] 3281926839 [Version] 1048832 [Id] WindowsEditor(7,NachoConectar) [Debug] 1 [PackageName] WindowsEditor [ProjectName] Editor" joined alternative multi-casting on [225.0.0.222:34997]...

Refreshing native plugins compatible for Editor in 116.31 ms, found 3 plugins.
Preloading 0 native plugins for Editor in 0.00 ms.
Initialize engine version: 2021.3.28f1 (232e59c3f087)
[Subsystems] Discovering subsystems at path C:/Program Files/Unity/Hub/Editor/2021.3.28f1/Editor/Data/Resources/UnitySubsystems
[Subsystems] Discovering subsystems at path C:/Users/nacho/Unity-Proyects/ExpoGame/Assets
GfxDevice: creating device client; threaded=0; jobified=0
Direct3D:
    Version:  Direct3D 11.0 [level 11.1]
    Renderer: Intel(R) UHD Graphics (ID=0x4e61)
    Vendor:   Intel
    VRAM:     1955 MB
    Driver:   30.0.101.1692
Initialize mono
Mono path[0] = 'C:/Program Files/Unity/Hub/Editor/2021.3.28f1/Editor/Data/Managed'
Mono path[1] = 'C:/Program Files/Unity/Hub/Editor/2021.3.28f1/Editor/Data/MonoBleedingEdge/lib/mono/unityjit-win32'
Mono config path = 'C:/Program Files/Unity/Hub/Editor/2021.3.28f1/Editor/Data/MonoBleedingEdge/etc'
Using monoOptions --debugger-agent=transport=dt_socket,embedding=1,server=y,suspend=n,address=127.0.0.1:56288
Begin MonoManager ReloadAssembly
Registering precompiled unity dll's ...
Register platform support module: C:/Program Files/Unity/Hub/Editor/2021.3.28f1/Editor/Data/PlaybackEngines/WindowsStandaloneSupport/UnityEditor.WindowsStandalone.Extensions.dll
Registered in 0.041618 seconds.
Native extension for WindowsStandalone target not found
Refreshing native plugins compatible for Editor in 117.53 ms, found 3 plugins.
Preloading 0 native plugins for Editor in 0.00 ms.
Mono: successfully reloaded assembly
- Completed reload, in  1.205 seconds
Domain Reload Profiling:
	ReloadAssembly (1206ms)
		BeginReloadAssembly (218ms)
			ExecutionOrderSort (0ms)
			DisableScriptedObjects (0ms)
			BackupInstance (0ms)
			ReleaseScriptingObjects (0ms)
			CreateAndSetChildDomain (1ms)
		EndReloadAssembly (782ms)
			LoadAssemblies (214ms)
			RebuildTransferFunctionScriptingTraits (0ms)
			SetupTypeCache (199ms)
			ReleaseScriptCaches (0ms)
			RebuildScriptCaches (52ms)
			SetupLoadedEditorAssemblies (444ms)
				LogAssemblyErrors (0ms)
				InitializePlatformSupportModulesInManaged (14ms)
				SetLoadedEditorAssemblies (0ms)
				RefreshPlugins (118ms)
				BeforeProcessingInitializeOnLoad (2ms)
				ProcessInitializeOnLoadAttributes (209ms)
				ProcessInitializeOnLoadMethodAttributes (100ms)
				AfterProcessingInitializeOnLoad (0ms)
				EditorAssembliesLoaded (0ms)
			ExecutionOrderSort2 (0ms)
			AwakeInstancesAfterBackupRestoration (0ms)
Platform modules already initialized, skipping
Registering precompiled user dll's ...
Registered in 0.010207 seconds.
Begin MonoManager ReloadAssembly
Symbol file LoadedFromMemory doesn't match image C:\Users\nacho\Unity-Proyects\ExpoGame\Library\PackageCache\com.unity.visualscripting@1.8.0\Editor\VisualScripting.Core\Dependencies\YamlDotNet\Unity.VisualScripting.YamlDotNet.dll
Symbol file LoadedFromMemory doesn't match image C:\Users\nacho\Unity-Proyects\ExpoGame\Library\PackageCache\com.unity.visualscripting@1.8.0\Editor\VisualScripting.Core\Dependencies\DotNetZip\Unity.VisualScripting.IonicZip.dll
Native extension for WindowsStandalone target not found
Refreshing native plugins compatible for Editor in 0.86 ms, found 3 plugins.
Preloading 0 native plugins for Editor in 0.00 ms.
Mono: successfully reloaded assembly
- Completed reload, in  1.835 seconds
Domain Reload Profiling:
	ReloadAssembly (1836ms)
		BeginReloadAssembly (216ms)
			ExecutionOrderSort (0ms)
			DisableScriptedObjects (11ms)
			BackupInstance (0ms)
			ReleaseScriptingObjects (0ms)
			CreateAndSetChildDomain (31ms)
		EndReloadAssembly (1415ms)
			LoadAssemblies (219ms)
			RebuildTransferFunctionScriptingTraits (0ms)
			SetupTypeCache (452ms)
			ReleaseScriptCaches (1ms)
			RebuildScriptCaches (89ms)
			SetupLoadedEditorAssemblies (618ms)
				LogAssemblyErrors (0ms)
				InitializePlatformSupportModulesInManaged (10ms)
				SetLoadedEditorAssemblies (1ms)
				RefreshPlugins (1ms)
				BeforeProcessingInitializeOnLoad (125ms)
				ProcessInitializeOnLoadAttributes (428ms)
				ProcessInitializeOnLoadMethodAttributes (37ms)
				AfterProcessingInitializeOnLoad (16ms)
				EditorAssembliesLoaded (0ms)
			ExecutionOrderSort2 (0ms)
			AwakeInstancesAfterBackupRestoration (13ms)
Platform modules already initialized, skipping
========================================================================
Worker process is ready to serve import requests
Launched and connected shader compiler UnityShaderCompiler.exe after 0.13 seconds
Refreshing native plugins compatible for Editor in 0.89 ms, found 3 plugins.
Preloading 0 native plugins for Editor in 0.00 ms.
Unloading 3104 Unused Serialized files (Serialized files now loaded: 0)
Unloading 22 unused Assets / (47.4 KB). Loaded Objects now: 3596.
Memory consumption went from 126.8 MB to 126.7 MB.
Total: 5.018800 ms (FindLiveObjects: 0.543200 ms CreateObjectMapping: 0.266800 ms MarkObjects: 4.005400 ms  DeleteObjects: 0.201300 ms)

AssetImportParameters requested are different than current active one (requested -> active):
  custom:video-decoder-ogg-theora: a1e56fd34408186e4bbccfd4996cb3dc -> 
  custom:container-muxer-webm: aa71ff27fc2769a1b78a27578f13a17b -> 
  custom:container-demuxer-webm: 4f35f7cbe854078d1ac9338744f61a02 -> 
  custom:video-encoder-webm-vp8: eb34c28f22e8b96e1ab97ce403110664 -> 
  custom:CustomObjectIndexerAttribute: bc11b3a6c3213fcdd17b65e7da85e133 -> 
  custom:audio-encoder-webm-vorbis: bf7c407c2cedff20999df2af8eb42d56 -> 
  custom:framework-win-MediaFoundation: 216162199b28c13a410421893ffa2e32 -> 
  custom:container-demuxer-ogg: 62fdf1f143b41e24485cea50d1cbac27 -> 
  custom:video-decoder-webm-vp8: 9c59270c3fd7afecdb556c50c9e8de78 -> 
  custom:audio-decoder-ogg-vorbis: bf7c407c2cedff20999df2af8eb42d56 -> 
========================================================================
Received Import Request.
  Time since last request: 1217133.225526 seconds.
  path: Assets/Audio
  artifactKey: Guid(5d54d88d398134c4084e6ea14e2f789e) Importer(815301076,1909f56bfc062723c751e8b465ee728b)
Start importing Assets/Audio using Guid(5d54d88d398134c4084e6ea14e2f789e) Importer(815301076,1909f56bfc062723c751e8b465ee728b)  -> (artifact id: '79378df44f896a299065c9fd63d2469a') in 0.025405 seconds 
========================================================================
Received Import Request.
  Time since last request: 23.395031 seconds.
  path: Assets/Audio/chill.mp3
  artifactKey: Guid(efe896039b45f1d4b9ed93e1056b34ff) Importer(815301076,1909f56bfc062723c751e8b465ee728b)
Start importing Assets/Audio/chill.mp3 using Guid(efe896039b45f1d4b9ed93e1056b34ff) Importer(815301076,1909f56bfc062723c751e8b465ee728b)  -> (artifact id: 'c86e41b871bf92e86a60ba231ba785d8') in 0.364916 seconds 
========================================================================
Received Import Request.
  Time since last request: 591.900607 seconds.
  path: Assets/Audio/chill.mp3
  artifactKey: Guid(efe896039b45f1d4b9ed93e1056b34ff) Importer(815301076,1909f56bfc062723c751e8b465ee728b)
Start importing Assets/Audio/chill.mp3 using Guid(efe896039b45f1d4b9ed93e1056b34ff) Importer(815301076,1909f56bfc062723c751e8b465ee728b)  -> (artifact id: 'b2f7b980a4baaf19e844fd73026bfe5c') in 0.051715 seconds 
========================================================================
Received Import Request.
  Time since last request: 361.580594 seconds.
  path: Assets/Free Pack/Autocannon - Shot 1.wav
  artifactKey: Guid(bb2e2714f962491428dcb0b38598b251) Importer(815301076,1909f56bfc062723c751e8b465ee728b)
Start importing Assets/Free Pack/Autocannon - Shot 1.wav using Guid(bb2e2714f962491428dcb0b38598b251) Importer(815301076,1909f56bfc062723c751e8b465ee728b)  -> (artifact id: '1da329993b4533aa83ad2d67798d6029') in 0.065560 seconds 
========================================================================
Received Import Request.
  Time since last request: 0.000139 seconds.
  path: Assets/Free Pack/Cavern Atmosphere - Loop.wav
  artifactKey: Guid(6d2e2db0b97a8c84e9b7aba22496d5fe) Importer(815301076,1909f56bfc062723c751e8b465ee728b)
Start importing Assets/Free Pack/Cavern Atmosphere - Loop.wav using Guid(6d2e2db0b97a8c84e9b7aba22496d5fe) Importer(815301076,1909f56bfc062723c751e8b465ee728b)  -> (artifact id: '4076fdf86b7af4b400547489e8d85f8b') in 0.070060 seconds 
========================================================================
Received Import Request.
  Time since last request: 0.000058 seconds.
  path: Assets/Free Pack/Bullet Impact 21.wav
  artifactKey: Guid(e11a5a019377fbd4c81caa0adcb4c236) Importer(815301076,1909f56bfc062723c751e8b465ee728b)
Start importing Assets/Free Pack/Bullet Impact 21.wav using Guid(e11a5a019377fbd4c81caa0adcb4c236) Importer(815301076,1909f56bfc062723c751e8b465ee728b)  -> (artifact id: 'f35fd4f51d9892d84f16e6da0a6404c8') in 0.074917 seconds 
========================================================================
Received Import Request.
  Time since last request: 0.000098 seconds.
  path: Assets/Free Pack/Cannon impact 9.wav
  artifactKey: Guid(5ff823f546b52574a931e1d9b44290a6) Importer(815301076,1909f56bfc062723c751e8b465ee728b)
Start importing Assets/Free Pack/Cannon impact 9.wav using Guid(5ff823f546b52574a931e1d9b44290a6) Importer(815301076,1909f56bfc062723c751e8b465ee728b)  -> (artifact id: '8d07ec7d0e33afb83abd969526fee82e') in 0.093855 seconds 
========================================================================
Received Import Request.
  Time since last request: 0.000050 seconds.
  path: Assets/Free Pack/Bullet Impacts - Multiple 1.wav
  artifactKey: Guid(0b93f9af63befa2478916a5396131fff) Importer(815301076,1909f56bfc062723c751e8b465ee728b)
Start importing Assets/Free Pack/Bullet Impacts - Multiple 1.wav using Guid(0b93f9af63befa2478916a5396131fff) Importer(815301076,1909f56bfc062723c751e8b465ee728b)  -> (artifact id: '5668e2e36ea9522150376819abefdfa7') in 0.045830 seconds 
========================================================================
Received Import Request.
  Time since last request: 0.000086 seconds.
  path: Assets/Free Pack/Bullet Impact 14.wav
  artifactKey: Guid(75adfe9a619833445a701305b983e548) Importer(815301076,1909f56bfc062723c751e8b465ee728b)
Start importing Assets/Free Pack/Bullet Impact 14.wav using Guid(75adfe9a619833445a701305b983e548) Importer(815301076,1909f56bfc062723c751e8b465ee728b)  -> (artifact id: '0eb6ce0fd1fef35a208b41f50fedd25c') in 0.103207 seconds 
========================================================================
Received Import Request.
  Time since last request: 0.000151 seconds.
  path: Assets/Free Pack/Bloody punch.wav
  artifactKey: Guid(a37f44cbf8c2a7443a3c361efa2f233a) Importer(815301076,1909f56bfc062723c751e8b465ee728b)
Start importing Assets/Free Pack/Bloody punch.wav using Guid(a37f44cbf8c2a7443a3c361efa2f233a) Importer(815301076,1909f56bfc062723c751e8b465ee728b)  -> (artifact id: 'b0508dc3463275eb1467f861e8a1c1d8') in 0.073617 seconds 
========================================================================
Received Import Request.
  Time since last request: 0.000160 seconds.
  path: Assets/Free Pack/Carriage on Stone Road - Loop.wav
  artifactKey: Guid(1b46c101cacd70a4fa09545bf0d68820) Importer(815301076,1909f56bfc062723c751e8b465ee728b)
Start importing Assets/Free Pack/Carriage on Stone Road - Loop.wav using Guid(1b46c101cacd70a4fa09545bf0d68820) Importer(815301076,1909f56bfc062723c751e8b465ee728b)  -> (artifact id: '700a5e85683435362220c47c4172a464') in 0.073214 seconds 
========================================================================
Received Import Request.
  Time since last request: 1.125456 seconds.
  path: Assets/Free Pack/Chemistry reaction 3 - Big.wav
  artifactKey: Guid(4144ed0d6abcc42479fe873c54bbe0fa) Importer(815301076,1909f56bfc062723c751e8b465ee728b)
Start importing Assets/Free Pack/Chemistry reaction 3 - Big.wav using Guid(4144ed0d6abcc42479fe873c54bbe0fa) Importer(815301076,1909f56bfc062723c751e8b465ee728b)  -> (artifact id: '24f13308fd455cfc8773c666ea8202a6') in 0.088021 seconds 
========================================================================
Received Import Request.
  Time since last request: 0.000594 seconds.
  path: Assets/Free Pack/Computer explosion 6 - Alarm.wav
  artifactKey: Guid(65b3207f91d67094e87be85dbe54c89d) Importer(815301076,1909f56bfc062723c751e8b465ee728b)
Start importing Assets/Free Pack/Computer explosion 6 - Alarm.wav using Guid(65b3207f91d67094e87be85dbe54c89d) Importer(815301076,1909f56bfc062723c751e8b465ee728b)  -> (artifact id: 'a72981eafff87400cd713925440a835c') in 0.128164 seconds 
========================================================================
Received Import Request.
  Time since last request: 0.000117 seconds.
  path: Assets/Free Pack/Explosion 8.wav
  artifactKey: Guid(d47e6ed162da1f740ad807d00f4679f3) Importer(815301076,1909f56bfc062723c751e8b465ee728b)
Start importing Assets/Free Pack/Explosion 8.wav using Guid(d47e6ed162da1f740ad807d00f4679f3) Importer(815301076,1909f56bfc062723c751e8b465ee728b)  -> (artifact id: 'a73f6f3fc53a87693f235ebf89023891') in 0.098294 seconds 
========================================================================
Received Import Request.
  Time since last request: 0.000081 seconds.
  path: Assets/Free Pack/Flare gun 5-2.wav
  artifactKey: Guid(0bd05763df902854a80475577a26666a) Importer(815301076,1909f56bfc062723c751e8b465ee728b)
Start importing Assets/Free Pack/Flare gun 5-2.wav using Guid(0bd05763df902854a80475577a26666a) Importer(815301076,1909f56bfc062723c751e8b465ee728b)  -> (artifact id: '777051c29b94075df7b0152d17e6c786') in 0.081431 seconds 
========================================================================
Received Import Request.
  Time since last request: 0.000046 seconds.
  path: Assets/Free Pack/Dragon Spit Fire 1.wav
  artifactKey: Guid(7d156b8a5b340cd46bcf0a76557dd2dd) Importer(815301076,1909f56bfc062723c751e8b465ee728b)
Start importing Assets/Free Pack/Dragon Spit Fire 1.wav using Guid(7d156b8a5b340cd46bcf0a76557dd2dd) Importer(815301076,1909f56bfc062723c751e8b465ee728b)  -> (artifact id: 'e1bce7315144093b48ea48459b7bb458') in 0.078148 seconds 
========================================================================
Received Import Request.
  Time since last request: 0.000122 seconds.
  path: Assets/Free Pack/Hand Gun 1.wav
  artifactKey: Guid(6739c01659ad96d47987f4ddee226b36) Importer(815301076,1909f56bfc062723c751e8b465ee728b)
Start importing Assets/Free Pack/Hand Gun 1.wav using Guid(6739c01659ad96d47987f4ddee226b36) Importer(815301076,1909f56bfc062723c751e8b465ee728b)  -> (artifact id: 'b028b5a0c6dba25c8e20b078c9f6da02') in 0.067273 seconds 
========================================================================
Received Import Request.
  Time since last request: 0.000134 seconds.
  path: Assets/Free Pack/Laser Gun Salve.wav
  artifactKey: Guid(e88084c6f293c324db2b4dcf575d60dc) Importer(815301076,1909f56bfc062723c751e8b465ee728b)
Start importing Assets/Free Pack/Laser Gun Salve.wav using Guid(e88084c6f293c324db2b4dcf575d60dc) Importer(815301076,1909f56bfc062723c751e8b465ee728b)  -> (artifact id: 'eec90595944a9376e92f6c976819a168') in 0.075697 seconds 
========================================================================
Received Import Request.
  Time since last request: 0.000096 seconds.
  path: Assets/Free Pack/Earthquake 3 - Big.wav
  artifactKey: Guid(5ae4d298ed547ba4c88587effb75d7e1) Importer(815301076,1909f56bfc062723c751e8b465ee728b)
Start importing Assets/Free Pack/Earthquake 3 - Big.wav using Guid(5ae4d298ed547ba4c88587effb75d7e1) Importer(815301076,1909f56bfc062723c751e8b465ee728b)  -> (artifact id: '35a46b1bea15ffcd7c627535a20f08df') in 0.078799 seconds 
========================================================================
Received Import Request.
  Time since last request: 0.000094 seconds.
  path: Assets/Free Pack/Hand Gun 2.wav
  artifactKey: Guid(34b439bf70b80a6409eadecc6be92d68) Importer(815301076,1909f56bfc062723c751e8b465ee728b)
Start importing Assets/Free Pack/Hand Gun 2.wav using Guid(34b439bf70b80a6409eadecc6be92d68) Importer(815301076,1909f56bfc062723c751e8b465ee728b)  -> (artifact id: '089a6fbea809f8413b6fe81c7865acf4') in 0.076353 seconds 
========================================================================
Received Import Request.
  Time since last request: 0.000119 seconds.
  path: Assets/Free Pack/Easy Going Medieval Tavern - Loop.wav
  artifactKey: Guid(cdfab68e200464842847522ffb19ae13) Importer(815301076,1909f56bfc062723c751e8b465ee728b)
Start importing Assets/Free Pack/Easy Going Medieval Tavern - Loop.wav using Guid(cdfab68e200464842847522ffb19ae13) Importer(815301076,1909f56bfc062723c751e8b465ee728b)  -> (artifact id: '36e4b55c3abd68c70d19170bf4d84480') in 0.072355 seconds 
========================================================================
Received Import Request.
  Time since last request: 0.000220 seconds.
  path: Assets/Free Pack/Ghost Manifestation 2.wav
  artifactKey: Guid(618be86712ffac947997f96463301683) Importer(815301076,1909f56bfc062723c751e8b465ee728b)
Start importing Assets/Free Pack/Ghost Manifestation 2.wav using Guid(618be86712ffac947997f96463301683) Importer(815301076,1909f56bfc062723c751e8b465ee728b)  -> (artifact id: 'ceedd98a24c725f5ec2c933a9d8fe1c0') in 0.072101 seconds 
========================================================================
Received Import Request.
  Time since last request: 0.000081 seconds.
  path: Assets/Free Pack/Indiana Jones Punch.wav
  artifactKey: Guid(e1a75776f005439469f89a17a986c567) Importer(815301076,1909f56bfc062723c751e8b465ee728b)
Start importing Assets/Free Pack/Indiana Jones Punch.wav using Guid(e1a75776f005439469f89a17a986c567) Importer(815301076,1909f56bfc062723c751e8b465ee728b)  -> (artifact id: '1613aae1edfc8378786369da674d16a1') in 0.081799 seconds 
========================================================================
Received Import Request.
  Time since last request: 0.000088 seconds.
  path: Assets/Free Pack/Heavy Object Impact 4.wav
  artifactKey: Guid(9930d5b4be15bb04c9d0a6fa0d7e6b2e) Importer(815301076,1909f56bfc062723c751e8b465ee728b)
Start importing Assets/Free Pack/Heavy Object Impact 4.wav using Guid(9930d5b4be15bb04c9d0a6fa0d7e6b2e) Importer(815301076,1909f56bfc062723c751e8b465ee728b)  -> (artifact id: '13d5250aa6e94fe69955ffcc71d9ff3c') in 0.071277 seconds 
========================================================================
Received Import Request.
  Time since last request: 0.000128 seconds.
  path: Assets/Free Pack/Explosion 2.wav
  artifactKey: Guid(986d6b30567e30e428f3f21373fe45ca) Importer(815301076,1909f56bfc062723c751e8b465ee728b)
Start importing Assets/Free Pack/Explosion 2.wav using Guid(986d6b30567e30e428f3f21373fe45ca) Importer(815301076,1909f56bfc062723c751e8b465ee728b)  -> (artifact id: '5be66fc7a2179f1449b3530f159e774a') in 0.078572 seconds 
========================================================================
Received Import Request.
  Time since last request: 0.000057 seconds.
  path: Assets/Free Pack/Hand Gun 3.wav
  artifactKey: Guid(a764377339b869e459f5e53fb9258f73) Importer(815301076,1909f56bfc062723c751e8b465ee728b)
Start importing Assets/Free Pack/Hand Gun 3.wav using Guid(a764377339b869e459f5e53fb9258f73) Importer(815301076,1909f56bfc062723c751e8b465ee728b)  -> (artifact id: 'c2158b449a6d9d95b237caae358d4263') in 0.072034 seconds 
========================================================================
Received Import Request.
  Time since last request: 0.000104 seconds.
  path: Assets/Free Pack/Explosion 1.wav
  artifactKey: Guid(1fd31868d68903d4f9e2c4a3b7ef98f3) Importer(815301076,1909f56bfc062723c751e8b465ee728b)
Start importing Assets/Free Pack/Explosion 1.wav using Guid(1fd31868d68903d4f9e2c4a3b7ef98f3) Importer(815301076,1909f56bfc062723c751e8b465ee728b)  -> (artifact id: 'a91022fcfed2e288787437d0276049e0') in 0.075175 seconds 
========================================================================
Received Import Request.
  Time since last request: 0.000089 seconds.
  path: Assets/Free Pack/Hand Gun_6.wav
  artifactKey: Guid(6dd7024f00606b44eb5884197a66a893) Importer(815301076,1909f56bfc062723c751e8b465ee728b)
Start importing Assets/Free Pack/Hand Gun_6.wav using Guid(6dd7024f00606b44eb5884197a66a893) Importer(815301076,1909f56bfc062723c751e8b465ee728b)  -> (artifact id: 'bab989415219916e4c13bdc1f83b9b8d') in 0.069021 seconds 
========================================================================
Received Import Request.
  Time since last request: 0.000098 seconds.
  path: Assets/Free Pack/Ice Cavern-Loop.wav
  artifactKey: Guid(517dbd5357d36724c9ff71219172b9f6) Importer(815301076,1909f56bfc062723c751e8b465ee728b)
Start importing Assets/Free Pack/Ice Cavern-Loop.wav using Guid(517dbd5357d36724c9ff71219172b9f6) Importer(815301076,1909f56bfc062723c751e8b465ee728b)  -> (artifact id: '26a50adb0f40463981e904a791fc5d03') in 0.057589 seconds 
========================================================================
Received Import Request.
  Time since last request: 0.000084 seconds.
  path: Assets/Free Pack/Heavy Object Impact 10.wav
  artifactKey: Guid(7b69beceabbd8f24e8bc62d77ac7ca1c) Importer(815301076,1909f56bfc062723c751e8b465ee728b)
Start importing Assets/Free Pack/Heavy Object Impact 10.wav using Guid(7b69beceabbd8f24e8bc62d77ac7ca1c) Importer(815301076,1909f56bfc062723c751e8b465ee728b)  -> (artifact id: '9c442ea1d1610283bbae3a4d933bde9b') in 0.054547 seconds 
========================================================================
Received Import Request.
  Time since last request: 0.000086 seconds.
  path: Assets/Free Pack/Forest 6 - Ice Forest.wav
  artifactKey: Guid(f14e8bfdac498dd4f82766090b48e582) Importer(815301076,1909f56bfc062723c751e8b465ee728b)
Start importing Assets/Free Pack/Forest 6 - Ice Forest.wav using Guid(f14e8bfdac498dd4f82766090b48e582) Importer(815301076,1909f56bfc062723c751e8b465ee728b)  -> (artifact id: '7ab74e81da635703cc3d3e54939eae6a') in 0.053506 seconds 
========================================================================
Received Import Request.
  Time since last request: 0.000082 seconds.
  path: Assets/Free Pack/Ghost Manifestation 1.wav
  artifactKey: Guid(26fbf6bb6963666478f6992bc53b9145) Importer(815301076,1909f56bfc062723c751e8b465ee728b)
Start importing Assets/Free Pack/Ghost Manifestation 1.wav using Guid(26fbf6bb6963666478f6992bc53b9145) Importer(815301076,1909f56bfc062723c751e8b465ee728b)  -> (artifact id: 'c33dab9c6c5a0e3d976236d2cf04fe55') in 0.056520 seconds 
========================================================================
Received Import Request.
  Time since last request: 97.232910 seconds.
  path: Assets/Free Pack/Laser Impact Light_6.wav
  artifactKey: Guid(bb6cdd13aeb95f743847b1cd460889bc) Importer(815301076,1909f56bfc062723c751e8b465ee728b)
Start importing Assets/Free Pack/Laser Impact Light_6.wav using Guid(bb6cdd13aeb95f743847b1cd460889bc) Importer(815301076,1909f56bfc062723c751e8b465ee728b)  -> (artifact id: '5316b2d93e1f1e5b31649da949c1df8a') in 0.071515 seconds 
========================================================================
Received Import Request.
  Time since last request: 0.000079 seconds.
  path: Assets/Free Pack/Magic Spell - Sleeping spell 1.wav
  artifactKey: Guid(adcac75087a17704ca6c0c3b15bc3aa5) Importer(815301076,1909f56bfc062723c751e8b465ee728b)
Start importing Assets/Free Pack/Magic Spell - Sleeping spell 1.wav using Guid(adcac75087a17704ca6c0c3b15bc3aa5) Importer(815301076,1909f56bfc062723c751e8b465ee728b)  -> (artifact id: '3d46a05f2e2e5e5fe47e04104986c4bb') in 0.062682 seconds 
========================================================================
Received Import Request.
  Time since last request: 0.000093 seconds.
  path: Assets/Free Pack/Machine Gun 1.wav
  artifactKey: Guid(d40330822ccea6140b664c0560d5022f) Importer(815301076,1909f56bfc062723c751e8b465ee728b)
Start importing Assets/Free Pack/Machine Gun 1.wav using Guid(d40330822ccea6140b664c0560d5022f) Importer(815301076,1909f56bfc062723c751e8b465ee728b)  -> (artifact id: 'b9e4605a904afe8a02a51ad324df1834') in 0.080911 seconds 
========================================================================
Received Import Request.
  Time since last request: 0.000126 seconds.
  path: Assets/Free Pack/Laser Multiple shots 1.wav
  artifactKey: Guid(c9bb4171cafd3dd47829336ea4c8d988) Importer(815301076,1909f56bfc062723c751e8b465ee728b)
Start importing Assets/Free Pack/Laser Multiple shots 1.wav using Guid(c9bb4171cafd3dd47829336ea4c8d988) Importer(815301076,1909f56bfc062723c751e8b465ee728b)  -> (artifact id: '35191722c808baa049e1fe65cba171c8') in 0.044003 seconds 
========================================================================
Received Import Request.
  Time since last request: 337.499011 seconds.
  path: Assets/Free Pack/Magic Spell - Turn to stone.wav
  artifactKey: Guid(5fe4bc0609c03e24097e0cb3666a4fb5) Importer(815301076,1909f56bfc062723c751e8b465ee728b)
Start importing Assets/Free Pack/Magic Spell - Turn to stone.wav using Guid(5fe4bc0609c03e24097e0cb3666a4fb5) Importer(815301076,1909f56bfc062723c751e8b465ee728b)  -> (artifact id: '115595c7b35ad6598cef4a4d8ae4ae41') in 0.093616 seconds 
========================================================================
Received Import Request.
  Time since last request: 0.000082 seconds.
  path: Assets/Free Pack/Magic Spell_Short Reverse_1.wav
  artifactKey: Guid(7f4aa26d5b55226409cda231ffaf869b) Importer(815301076,1909f56bfc062723c751e8b465ee728b)
Start importing Assets/Free Pack/Magic Spell_Short Reverse_1.wav using Guid(7f4aa26d5b55226409cda231ffaf869b) Importer(815301076,1909f56bfc062723c751e8b465ee728b)  -> (artifact id: '13de85ec834a2d4536b9ad79cdc7c113') in 0.078981 seconds 
========================================================================
Received Import Request.
  Time since last request: 0.000080 seconds.
  path: Assets/Free Pack/Magic Spell_Coins_2.wav
  artifactKey: Guid(34f9cbd28a9740349b6cc2f5e280dda3) Importer(815301076,1909f56bfc062723c751e8b465ee728b)
Start importing Assets/Free Pack/Magic Spell_Coins_2.wav using Guid(34f9cbd28a9740349b6cc2f5e280dda3) Importer(815301076,1909f56bfc062723c751e8b465ee728b)  -> (artifact id: '81d3deb272e43abb4187e2974decb52e') in 0.091989 seconds 
========================================================================
Received Import Request.
  Time since last request: 0.000124 seconds.
  path: Assets/Free Pack/Magic Spell_Electricity Spell_1.wav
  artifactKey: Guid(eec3bf121b316d64ca1c8aac7573a2f4) Importer(815301076,1909f56bfc062723c751e8b465ee728b)
Start importing Assets/Free Pack/Magic Spell_Electricity Spell_1.wav using Guid(eec3bf121b316d64ca1c8aac7573a2f4) Importer(815301076,1909f56bfc062723c751e8b465ee728b)  -> (artifact id: 'da9497d161496c9acb4befb7cd56c1d1') in 0.046478 seconds 
========================================================================
Received Import Request.
  Time since last request: 0.155049 seconds.
  path: Assets/Free Pack/Magic Spell_Simple Swoosh_6.wav
  artifactKey: Guid(cc6699269b4c1d44ea1e860518b9bb73) Importer(815301076,1909f56bfc062723c751e8b465ee728b)
Start importing Assets/Free Pack/Magic Spell_Simple Swoosh_6.wav using Guid(cc6699269b4c1d44ea1e860518b9bb73) Importer(815301076,1909f56bfc062723c751e8b465ee728b)  -> (artifact id: '9dc28ccb41d9c9d171a06b4d7dae43da') in 0.096124 seconds 
========================================================================
Received Import Request.
  Time since last request: 0.000095 seconds.
  path: Assets/Free Pack/Metal Impact 7.wav
  artifactKey: Guid(2e071f5b8b8467d45a5e6e24c23c6ad4) Importer(815301076,1909f56bfc062723c751e8b465ee728b)
Start importing Assets/Free Pack/Metal Impact 7.wav using Guid(2e071f5b8b8467d45a5e6e24c23c6ad4) Importer(815301076,1909f56bfc062723c751e8b465ee728b)  -> (artifact id: '11bc63c2ef67bd6681eaedf4575133b7') in 0.053362 seconds 
========================================================================
Received Import Request.
  Time since last request: 0.000092 seconds.
  path: Assets/Free Pack/Metal impact 5.wav
  artifactKey: Guid(958408b32ccf3714ea02821877b0870c) Importer(815301076,1909f56bfc062723c751e8b465ee728b)
Start importing Assets/Free Pack/Metal impact 5.wav using Guid(958408b32ccf3714ea02821877b0870c) Importer(815301076,1909f56bfc062723c751e8b465ee728b)  -> (artifact id: '9149618fa30ab9a226acda89f5f78ad9') in 0.075820 seconds 
========================================================================
Received Import Request.
  Time since last request: 0.000082 seconds.
  path: Assets/Free Pack/Medieval City.wav
  artifactKey: Guid(c53d52b6903e77342963b7b627f126fb) Importer(815301076,1909f56bfc062723c751e8b465ee728b)
Start importing Assets/Free Pack/Medieval City.wav using Guid(c53d52b6903e77342963b7b627f126fb) Importer(815301076,1909f56bfc062723c751e8b465ee728b)  -> (artifact id: 'd53b1b8fe4f1a5c892eccb903a396133') in 0.055785 seconds 
========================================================================
Received Import Request.
  Time since last request: 8.963795 seconds.
  path: Assets/Free Pack/Missile - Shot 4.wav
  artifactKey: Guid(281e15cc92254794eaf05caf4d044b76) Importer(815301076,1909f56bfc062723c751e8b465ee728b)
Start importing Assets/Free Pack/Missile - Shot 4.wav using Guid(281e15cc92254794eaf05caf4d044b76) Importer(815301076,1909f56bfc062723c751e8b465ee728b)  -> (artifact id: 'ba2f0ed048e27d54999a8ae3ee06a834') in 0.066734 seconds 
========================================================================
Received Import Request.
  Time since last request: 0.000084 seconds.
  path: Assets/Free Pack/Monster Bite.wav
  artifactKey: Guid(ac6034ade498bb94b87620cdf6eac48b) Importer(815301076,1909f56bfc062723c751e8b465ee728b)
Start importing Assets/Free Pack/Monster Bite.wav using Guid(ac6034ade498bb94b87620cdf6eac48b) Importer(815301076,1909f56bfc062723c751e8b465ee728b)  -> (artifact id: '651bf6c60e08e08182a9564a6e854e19') in 0.090813 seconds 
========================================================================
Received Import Request.
  Time since last request: 0.000089 seconds.
  path: Assets/Free Pack/Monster Bite on Armor.wav
  artifactKey: Guid(8ebcb6234d419344daa712ba65bb3798) Importer(815301076,1909f56bfc062723c751e8b465ee728b)
Start importing Assets/Free Pack/Monster Bite on Armor.wav using Guid(8ebcb6234d419344daa712ba65bb3798) Importer(815301076,1909f56bfc062723c751e8b465ee728b)  -> (artifact id: '2f849feda4e2c4e0ddc6c55470ece5bf') in 0.086953 seconds 
========================================================================
Received Import Request.
  Time since last request: 0.000083 seconds.
  path: Assets/Free Pack/Railgun - Shot 6.wav
  artifactKey: Guid(f9eb44b85c96be5429737d4dcadbfa3b) Importer(815301076,1909f56bfc062723c751e8b465ee728b)
Start importing Assets/Free Pack/Railgun - Shot 6.wav using Guid(f9eb44b85c96be5429737d4dcadbfa3b) Importer(815301076,1909f56bfc062723c751e8b465ee728b)  -> (artifact id: '0df6e77fb47bffb529ab3085b7bc4245') in 0.063971 seconds 
========================================================================
Received Import Request.
  Time since last request: 0.483332 seconds.
  path: Assets/Free Pack/Row Boat - Loop.wav
  artifactKey: Guid(78542e76d4c24a745bc1bb599adb55df) Importer(815301076,1909f56bfc062723c751e8b465ee728b)
Start importing Assets/Free Pack/Row Boat - Loop.wav using Guid(78542e76d4c24a745bc1bb599adb55df) Importer(815301076,1909f56bfc062723c751e8b465ee728b)  -> (artifact id: 'b6c5e6c32c74ab1e3f655cd33a6e1c53') in 0.047956 seconds 
========================================================================
Received Import Request.
  Time since last request: 0.000102 seconds.
  path: Assets/Free Pack/Secret door.wav
  artifactKey: Guid(070779cdcfbe3ff4688691fb33bc3e4e) Importer(815301076,1909f56bfc062723c751e8b465ee728b)
Start importing Assets/Free Pack/Secret door.wav using Guid(070779cdcfbe3ff4688691fb33bc3e4e) Importer(815301076,1909f56bfc062723c751e8b465ee728b)  -> (artifact id: 'e2bd3434471b35e45efd8f22dfa977c6') in 0.058960 seconds 
========================================================================
Received Import Request.
  Time since last request: 0.000060 seconds.
  path: Assets/Free Pack/Spaceship passing by.wav
  artifactKey: Guid(7784e7ab59ab376458c07be56b1a8d6f) Importer(815301076,1909f56bfc062723c751e8b465ee728b)
Start importing Assets/Free Pack/Spaceship passing by.wav using Guid(7784e7ab59ab376458c07be56b1a8d6f) Importer(815301076,1909f56bfc062723c751e8b465ee728b)  -> (artifact id: 'b7479531d9bc64f1cd8004bcb144a8e9') in 0.085029 seconds 
========================================================================
Received Import Request.
  Time since last request: 0.000091 seconds.
  path: Assets/Free Pack/Thunder strikes 30 second- Loop.wav
  artifactKey: Guid(7dc48ac47b618424f8d032a339525809) Importer(815301076,1909f56bfc062723c751e8b465ee728b)
Start importing Assets/Free Pack/Thunder strikes 30 second- Loop.wav using Guid(7dc48ac47b618424f8d032a339525809) Importer(815301076,1909f56bfc062723c751e8b465ee728b)  -> (artifact id: '465741ce17f21529775235e3d5ac64d0') in 0.065352 seconds 
========================================================================
Received Import Request.
  Time since last request: 1.505106 seconds.
  path: Assets/Free Pack/Tsunami hitting a Large City.wav
  artifactKey: Guid(40ab3a7e4e36423488e589303d63346f) Importer(815301076,1909f56bfc062723c751e8b465ee728b)
Start importing Assets/Free Pack/Tsunami hitting a Large City.wav using Guid(40ab3a7e4e36423488e589303d63346f) Importer(815301076,1909f56bfc062723c751e8b465ee728b)  -> (artifact id: '509233c9030e42751220be69f683067b') in 0.050094 seconds 
========================================================================
Received Import Request.
  Time since last request: 0.000078 seconds.
  path: Assets/Free Pack/Walking in ChainMail - Loop.wav
  artifactKey: Guid(9b713c76b05f8b04882a23a60605b0d2) Importer(815301076,1909f56bfc062723c751e8b465ee728b)
Start importing Assets/Free Pack/Walking in ChainMail - Loop.wav using Guid(9b713c76b05f8b04882a23a60605b0d2) Importer(815301076,1909f56bfc062723c751e8b465ee728b)  -> (artifact id: 'cb3f6df1ddc59e884d58e772d5f00210') in 0.058446 seconds 
========================================================================
Received Import Request.
  Time since last request: 234.826389 seconds.
  path: Assets/Free Pack/SpawnENemy.wav
  artifactKey: Guid(adcac75087a17704ca6c0c3b15bc3aa5) Importer(815301076,1909f56bfc062723c751e8b465ee728b)
Start importing Assets/Free Pack/SpawnENemy.wav using Guid(adcac75087a17704ca6c0c3b15bc3aa5) Importer(815301076,1909f56bfc062723c751e8b465ee728b)  -> (artifact id: 'da47a2e362c338ed975ece7eac2fa832') in 0.034370 seconds 
========================================================================
Received Prepare
Registering precompiled user dll's ...
Registered in 0.015049 seconds.
Begin MonoManager ReloadAssembly
Symbol file LoadedFromMemory doesn't match image C:\Users\nacho\Unity-Proyects\ExpoGame\Library\PackageCache\com.unity.visualscripting@1.8.0\Editor\VisualScripting.Core\Dependencies\YamlDotNet\Unity.VisualScripting.YamlDotNet.dll
Symbol file LoadedFromMemory doesn't match image C:\Users\nacho\Unity-Proyects\ExpoGame\Library\PackageCache\com.unity.visualscripting@1.8.0\Editor\VisualScripting.Core\Dependencies\DotNetZip\Unity.VisualScripting.IonicZip.dll
Native extension for WindowsStandalone target not found
Refreshing native plugins compatible for Editor in 3.22 ms, found 3 plugins.
Preloading 0 native plugins for Editor in 0.00 ms.
Mono: successfully reloaded assembly
- Completed reload, in  6.121 seconds
Domain Reload Profiling:
	ReloadAssembly (6132ms)
		BeginReloadAssembly (2380ms)
			ExecutionOrderSort (0ms)
			DisableScriptedObjects (117ms)
			BackupInstance (0ms)
			ReleaseScriptingObjects (1ms)
			CreateAndSetChildDomain (1221ms)
		EndReloadAssembly (3290ms)
			LoadAssemblies (545ms)
			RebuildTransferFunctionScriptingTraits (1ms)
			SetupTypeCache (1128ms)
			ReleaseScriptCaches (5ms)
			RebuildScriptCaches (148ms)
			SetupLoadedEditorAssemblies (1425ms)
				LogAssemblyErrors (0ms)
				InitializePlatformSupportModulesInManaged (51ms)
				SetLoadedEditorAssemblies (6ms)
				RefreshPlugins (4ms)
				BeforeProcessingInitializeOnLoad (324ms)
				ProcessInitializeOnLoadAttributes (905ms)
				ProcessInitializeOnLoadMethodAttributes (93ms)
				AfterProcessingInitializeOnLoad (42ms)
				EditorAssembliesLoaded (0ms)
			ExecutionOrderSort2 (0ms)
			AwakeInstancesAfterBackupRestoration (49ms)
Platform modules already initialized, skipping
Refreshing native plugins compatible for Editor in 12.73 ms, found 3 plugins.
Preloading 0 native plugins for Editor in 0.00 ms.
Unloading 3083 Unused Serialized files (Serialized files now loaded: 0)
Unloading 15 unused Assets / (22.0 KB). Loaded Objects now: 3609.
Memory consumption went from 129.5 MB to 129.5 MB.
Total: 11.729400 ms (FindLiveObjects: 0.762800 ms CreateObjectMapping: 1.273100 ms MarkObjects: 9.451000 ms  DeleteObjects: 0.237700 ms)

AssetImportParameters requested are different than current active one (requested -> active):
  custom:video-decoder-ogg-theora: a1e56fd34408186e4bbccfd4996cb3dc -> 
  custom:container-muxer-webm: aa71ff27fc2769a1b78a27578f13a17b -> 
  custom:container-demuxer-webm: 4f35f7cbe854078d1ac9338744f61a02 -> 
  custom:video-encoder-webm-vp8: eb34c28f22e8b96e1ab97ce403110664 -> 
  custom:CustomObjectIndexerAttribute: bc11b3a6c3213fcdd17b65e7da85e133 -> 
  custom:audio-encoder-webm-vorbis: bf7c407c2cedff20999df2af8eb42d56 -> 
  custom:framework-win-MediaFoundation: 216162199b28c13a410421893ffa2e32 -> 
  custom:container-demuxer-ogg: 62fdf1f143b41e24485cea50d1cbac27 -> 
  custom:video-decoder-webm-vp8: 9c59270c3fd7afecdb556c50c9e8de78 -> 
  custom:audio-decoder-ogg-vorbis: bf7c407c2cedff20999df2af8eb42d56 -> 
========================================================================
Received Prepare
Registering precompiled user dll's ...
Registered in 0.015563 seconds.
Begin MonoManager ReloadAssembly
Symbol file LoadedFromMemory doesn't match image C:\Users\nacho\Unity-Proyects\ExpoGame\Library\PackageCache\com.unity.visualscripting@1.8.0\Editor\VisualScripting.Core\Dependencies\YamlDotNet\Unity.VisualScripting.YamlDotNet.dll
Symbol file LoadedFromMemory doesn't match image C:\Users\nacho\Unity-Proyects\ExpoGame\Library\PackageCache\com.unity.visualscripting@1.8.0\Editor\VisualScripting.Core\Dependencies\DotNetZip\Unity.VisualScripting.IonicZip.dll
Native extension for WindowsStandalone target not found
Refreshing native plugins compatible for Editor in 1.77 ms, found 3 plugins.
Preloading 0 native plugins for Editor in 0.00 ms.
Mono: successfully reloaded assembly
- Completed reload, in  3.513 seconds
Domain Reload Profiling:
	ReloadAssembly (3518ms)
		BeginReloadAssembly (334ms)
			ExecutionOrderSort (0ms)
			DisableScriptedObjects (16ms)
			BackupInstance (0ms)
			ReleaseScriptingObjects (0ms)
			CreateAndSetChildDomain (74ms)
		EndReloadAssembly (2889ms)
			LoadAssemblies (275ms)
			RebuildTransferFunctionScriptingTraits (0ms)
			SetupTypeCache (709ms)
			ReleaseScriptCaches (4ms)
			RebuildScriptCaches (198ms)
			SetupLoadedEditorAssemblies (1407ms)
				LogAssemblyErrors (0ms)
				InitializePlatformSupportModulesInManaged (26ms)
				SetLoadedEditorAssemblies (2ms)
				RefreshPlugins (2ms)
				BeforeProcessingInitializeOnLoad (313ms)
				ProcessInitializeOnLoadAttributes (926ms)
				ProcessInitializeOnLoadMethodAttributes (95ms)
				AfterProcessingInitializeOnLoad (42ms)
				EditorAssembliesLoaded (1ms)
			ExecutionOrderSort2 (0ms)
			AwakeInstancesAfterBackupRestoration (34ms)
Platform modules already initialized, skipping
Refreshing native plugins compatible for Editor in 9.33 ms, found 3 plugins.
Preloading 0 native plugins for Editor in 0.00 ms.
Unloading 3083 Unused Serialized files (Serialized files now loaded: 0)
Unloading 15 unused Assets / (22.0 KB). Loaded Objects now: 3612.
Memory consumption went from 129.5 MB to 129.5 MB.
Total: 6.677300 ms (FindLiveObjects: 0.675700 ms CreateObjectMapping: 0.732400 ms MarkObjects: 5.210500 ms  DeleteObjects: 0.056000 ms)

AssetImportParameters requested are different than current active one (requested -> active):
  custom:video-decoder-ogg-theora: a1e56fd34408186e4bbccfd4996cb3dc -> 
  custom:container-muxer-webm: aa71ff27fc2769a1b78a27578f13a17b -> 
  custom:container-demuxer-webm: 4f35f7cbe854078d1ac9338744f61a02 -> 
  custom:video-encoder-webm-vp8: eb34c28f22e8b96e1ab97ce403110664 -> 
  custom:CustomObjectIndexerAttribute: bc11b3a6c3213fcdd17b65e7da85e133 -> 
  custom:audio-encoder-webm-vorbis: bf7c407c2cedff20999df2af8eb42d56 -> 
  custom:framework-win-MediaFoundation: 216162199b28c13a410421893ffa2e32 -> 
  custom:container-demuxer-ogg: 62fdf1f143b41e24485cea50d1cbac27 -> 
  custom:video-decoder-webm-vp8: 9c59270c3fd7afecdb556c50c9e8de78 -> 
  custom:audio-decoder-ogg-vorbis: bf7c407c2cedff20999df2af8eb42d56 -> 
========================================================================
Received Import Request.
  Time since last request: 669.260095 seconds.
  path: Assets/Free Pack
  artifactKey: Guid(794698d52c75792498d1731040bd0623) Importer(815301076,1909f56bfc062723c751e8b465ee728b)
Start importing Assets/Free Pack using Guid(794698d52c75792498d1731040bd0623) Importer(815301076,1909f56bfc062723c751e8b465ee728b)  -> (artifact id: 'e3c7a457ec0ff4d11354fa576bebb719') in 0.238541 seconds 
========================================================================
Received Import Request.
  Time since last request: 267.985120 seconds.
  path: Assets/Horror Elements/Hits
  artifactKey: Guid(c446d294c9225d547b98677f343240cd) Importer(815301076,1909f56bfc062723c751e8b465ee728b)
Start importing Assets/Horror Elements/Hits using Guid(c446d294c9225d547b98677f343240cd) Importer(815301076,1909f56bfc062723c751e8b465ee728b)  -> (artifact id: '216e3cbcf0e7fc8fb45ecac295d85352') in 0.035893 seconds 
========================================================================
Received Import Request.
  Time since last request: 0.995584 seconds.
  path: Assets/Horror Elements/Hits/Hit_Anvil.wav
  artifactKey: Guid(a7091f7b917d7e943beb06db935303c5) Importer(815301076,1909f56bfc062723c751e8b465ee728b)
Start importing Assets/Horror Elements/Hits/Hit_Anvil.wav using Guid(a7091f7b917d7e943beb06db935303c5) Importer(815301076,1909f56bfc062723c751e8b465ee728b)  -> (artifact id: 'dada44795464335d2fbb7bdf1425e6f6') in 0.573221 seconds 
========================================================================
Received Import Request.
  Time since last request: 4.117108 seconds.
  path: Assets/Horror Elements/Hits/Hit_Dark.wav
  artifactKey: Guid(57cb71e2ff6773d4a970f143464292c7) Importer(815301076,1909f56bfc062723c751e8b465ee728b)
Start importing Assets/Horror Elements/Hits/Hit_Dark.wav using Guid(57cb71e2ff6773d4a970f143464292c7) Importer(815301076,1909f56bfc062723c751e8b465ee728b)  -> (artifact id: 'd874453acf48b2445793beff2b87b212') in 0.062442 seconds 
========================================================================
Received Import Request.
  Time since last request: 5.763477 seconds.
  path: Assets/Horror Elements/Hits/Hit_Drama.wav
  artifactKey: Guid(1689058eeeb072842b8c76940508c2a7) Importer(815301076,1909f56bfc062723c751e8b465ee728b)
Start importing Assets/Horror Elements/Hits/Hit_Drama.wav using Guid(1689058eeeb072842b8c76940508c2a7) Importer(815301076,1909f56bfc062723c751e8b465ee728b)  -> (artifact id: '4d1a2700876084e98bd790f98493340a') in 0.063184 seconds 
========================================================================
Received Import Request.
  Time since last request: 3.695276 seconds.
  path: Assets/Horror Elements/Hits/Hit_Metal.wav
  artifactKey: Guid(862e32085adc29949a12fee9d1ff11a0) Importer(815301076,1909f56bfc062723c751e8b465ee728b)
Start importing Assets/Horror Elements/Hits/Hit_Metal.wav using Guid(862e32085adc29949a12fee9d1ff11a0) Importer(815301076,1909f56bfc062723c751e8b465ee728b)  -> (artifact id: 'b4dde3d4e7052312c3a1043489c738bd') in 0.080141 seconds 
========================================================================
Received Import Request.
  Time since last request: 2.905062 seconds.
  path: Assets/Horror Elements/Hits/Hit_Piano.wav
  artifactKey: Guid(e07acf4be273f6d4d884b12942c8e800) Importer(815301076,1909f56bfc062723c751e8b465ee728b)
Start importing Assets/Horror Elements/Hits/Hit_Piano.wav using Guid(e07acf4be273f6d4d884b12942c8e800) Importer(815301076,1909f56bfc062723c751e8b465ee728b)  -> (artifact id: '77fa3650729425180a7d12c3e9b87da9') in 0.042801 seconds 
========================================================================
Received Import Request.
  Time since last request: 0.726041 seconds.
  path: Assets/Horror Elements/Hits/Hit_metalic.wav
  artifactKey: Guid(4104495a448805b4e94dc83af000e0f6) Importer(815301076,1909f56bfc062723c751e8b465ee728b)
Start importing Assets/Horror Elements/Hits/Hit_metalic.wav using Guid(4104495a448805b4e94dc83af000e0f6) Importer(815301076,1909f56bfc062723c751e8b465ee728b)  -> (artifact id: '5c6e31c6ae3cbf3b9fbc0870c0eb3d5f') in 0.056630 seconds 
========================================================================
Received Import Request.
  Time since last request: 5.357261 seconds.
  path: Assets/Horror Elements/Hits/Hit_Piano_2.wav
  artifactKey: Guid(4cdbcbd2fb3d9f8478a0fba2543f278d) Importer(815301076,1909f56bfc062723c751e8b465ee728b)
Start importing Assets/Horror Elements/Hits/Hit_Piano_2.wav using Guid(4cdbcbd2fb3d9f8478a0fba2543f278d) Importer(815301076,1909f56bfc062723c751e8b465ee728b)  -> (artifact id: 'b029bc4296feaf1f30876e630d98c496') in 0.065341 seconds 
========================================================================
Received Import Request.
  Time since last request: 2.559723 seconds.
  path: Assets/Horror Elements/Hits/Hit_Piano_3.wav
  artifactKey: Guid(7ccf6ea512911ad4b8c246b12e08705e) Importer(815301076,1909f56bfc062723c751e8b465ee728b)
Start importing Assets/Horror Elements/Hits/Hit_Piano_3.wav using Guid(7ccf6ea512911ad4b8c246b12e08705e) Importer(815301076,1909f56bfc062723c751e8b465ee728b)  -> (artifact id: 'c6a40ad2e20483f1e30847b850d4bb23') in 0.050440 seconds 
========================================================================
Received Import Request.
  Time since last request: 1.608197 seconds.
  path: Assets/Horror Elements/Hits/Hit_Suspens.wav
  artifactKey: Guid(587e6727b10650440bc4f6b82849c5fe) Importer(815301076,1909f56bfc062723c751e8b465ee728b)
Start importing Assets/Horror Elements/Hits/Hit_Suspens.wav using Guid(587e6727b10650440bc4f6b82849c5fe) Importer(815301076,1909f56bfc062723c751e8b465ee728b)  -> (artifact id: '8ebbe454abf830e4014702ae77fb477f') in 0.054733 seconds 
========================================================================
Received Import Request.
  Time since last request: 0.421675 seconds.
  path: Assets/Horror Elements/Hits/Hit_stress.wav
  artifactKey: Guid(e031a2074fc57e147b5c4e516f54a129) Importer(815301076,1909f56bfc062723c751e8b465ee728b)
Start importing Assets/Horror Elements/Hits/Hit_stress.wav using Guid(e031a2074fc57e147b5c4e516f54a129) Importer(815301076,1909f56bfc062723c751e8b465ee728b)  -> (artifact id: 'c11bc8f16e5a1afa06b43aa82543bf3e') in 0.054752 seconds 
========================================================================
Received Import Request.
  Time since last request: 20.904832 seconds.
  path: Assets/Horror Elements/Ambient
  artifactKey: Guid(6d6802ea4530b914faff5fd022aa8300) Importer(815301076,1909f56bfc062723c751e8b465ee728b)
Start importing Assets/Horror Elements/Ambient using Guid(6d6802ea4530b914faff5fd022aa8300) Importer(815301076,1909f56bfc062723c751e8b465ee728b)  -> (artifact id: '59de2e63c24b7bcca3cddee81f0af60a') in 0.062768 seconds 
========================================================================
Received Import Request.
  Time since last request: 1.466157 seconds.
  path: Assets/Horror Elements/Ambient/Amb_bell.wav
  artifactKey: Guid(f6dbb0ca03157fc468a0e05ae6c7f510) Importer(815301076,1909f56bfc062723c751e8b465ee728b)
Start importing Assets/Horror Elements/Ambient/Amb_bell.wav using Guid(f6dbb0ca03157fc468a0e05ae6c7f510) Importer(815301076,1909f56bfc062723c751e8b465ee728b)  -> (artifact id: 'c5ac3ff5428ff37cbfd8cb1147eb5b7f') in 0.051959 seconds 
========================================================================
Received Import Request.
  Time since last request: 16.833547 seconds.
  path: Assets/Horror Elements/Ambient/Amb_Burn.wav
  artifactKey: Guid(107fd7e0b0bf76b47803afb29353f3a6) Importer(815301076,1909f56bfc062723c751e8b465ee728b)
Start importing Assets/Horror Elements/Ambient/Amb_Burn.wav using Guid(107fd7e0b0bf76b47803afb29353f3a6) Importer(815301076,1909f56bfc062723c751e8b465ee728b)  -> (artifact id: 'ed424408a664ad87b1e3cd81ce87102a') in 0.061275 seconds 
========================================================================
Received Import Request.
  Time since last request: 2.218985 seconds.
  path: Assets/Horror Elements/Ambient/Amb_darkroom.wav
  artifactKey: Guid(ab8842b42fcaba04193bd8bc50c78cbf) Importer(815301076,1909f56bfc062723c751e8b465ee728b)
Start importing Assets/Horror Elements/Ambient/Amb_darkroom.wav using Guid(ab8842b42fcaba04193bd8bc50c78cbf) Importer(815301076,1909f56bfc062723c751e8b465ee728b)  -> (artifact id: '81bbcc7c697ab18ced980a1d55640738') in 0.058549 seconds 
========================================================================
Received Import Request.
  Time since last request: 10.901121 seconds.
  path: Assets/Horror Elements/Ambient/Amb_Deep_impacts_stress.wav
  artifactKey: Guid(64ed54603ea4bdc4c930044de83bdd69) Importer(815301076,1909f56bfc062723c751e8b465ee728b)
Start importing Assets/Horror Elements/Ambient/Amb_Deep_impacts_stress.wav using Guid(64ed54603ea4bdc4c930044de83bdd69) Importer(815301076,1909f56bfc062723c751e8b465ee728b)  -> (artifact id: 'b2db555a8941a7f2087ba8fd271caf5d') in 0.046682 seconds 
========================================================================
Received Import Request.
  Time since last request: 2.453689 seconds.
  path: Assets/Horror Elements/Ambient/Amb_Deep_impacts.wav
  artifactKey: Guid(ee2ebb4c4ca5fad40bdac20c3eeaae1a) Importer(815301076,1909f56bfc062723c751e8b465ee728b)
Start importing Assets/Horror Elements/Ambient/Amb_Deep_impacts.wav using Guid(ee2ebb4c4ca5fad40bdac20c3eeaae1a) Importer(815301076,1909f56bfc062723c751e8b465ee728b)  -> (artifact id: '5a1693860c3dec1aa67b398841038297') in 0.042187 seconds 
========================================================================
Received Import Request.
  Time since last request: 7.206429 seconds.
  path: Assets/Horror Elements/Ambient/Amb_Deep_space_2.wav
  artifactKey: Guid(85d9ce10089b6b44fa191f403fc494c3) Importer(815301076,1909f56bfc062723c751e8b465ee728b)
Start importing Assets/Horror Elements/Ambient/Amb_Deep_space_2.wav using Guid(85d9ce10089b6b44fa191f403fc494c3) Importer(815301076,1909f56bfc062723c751e8b465ee728b)  -> (artifact id: 'fbb1361b142c9fb6d2e87722ab979f71') in 0.048739 seconds 
========================================================================
Received Import Request.
  Time since last request: 0.662482 seconds.
  path: Assets/Horror Elements/Ambient/Amb_Deep_space_1.wav
  artifactKey: Guid(ab63369db59adbf46b2761daeeebe63c) Importer(815301076,1909f56bfc062723c751e8b465ee728b)
Start importing Assets/Horror Elements/Ambient/Amb_Deep_space_1.wav using Guid(ab63369db59adbf46b2761daeeebe63c) Importer(815301076,1909f56bfc062723c751e8b465ee728b)  -> (artifact id: 'dd0611d864f8695441abdd249a5af378') in 0.046839 seconds 
========================================================================
Received Import Request.
  Time since last request: 16.033733 seconds.
  path: Assets/Horror Elements/Ambient/Amb_Deep_space_3.wav
  artifactKey: Guid(46bb97a9f3c5f5b4fa47bea4a1f74b2a) Importer(815301076,1909f56bfc062723c751e8b465ee728b)
Start importing Assets/Horror Elements/Ambient/Amb_Deep_space_3.wav using Guid(46bb97a9f3c5f5b4fa47bea4a1f74b2a) Importer(815301076,1909f56bfc062723c751e8b465ee728b)  -> (artifact id: '554b5fa8af9d105058afc1dcffebda01') in 0.065919 seconds 
========================================================================
Received Import Request.
  Time since last request: 10.645668 seconds.
  path: Assets/Horror Elements/Ambient/Amb_scary.wav
  artifactKey: Guid(93abc65fb0a7d9a47bb2f33a425869bb) Importer(815301076,1909f56bfc062723c751e8b465ee728b)
Start importing Assets/Horror Elements/Ambient/Amb_scary.wav using Guid(93abc65fb0a7d9a47bb2f33a425869bb) Importer(815301076,1909f56bfc062723c751e8b465ee728b)  -> (artifact id: 'fcde0214e58c5f47c7935205bde759b1') in 0.058643 seconds 
========================================================================
Received Import Request.
  Time since last request: 81.713091 seconds.
  path: Assets/Prefabs/Enemys/DemonSkull.prefab
  artifactKey: Guid(4aebc90c6d2d81649a1483d3849fb3ae) Importer(815301076,1909f56bfc062723c751e8b465ee728b)
Start importing Assets/Prefabs/Enemys/DemonSkull.prefab using Guid(4aebc90c6d2d81649a1483d3849fb3ae) Importer(815301076,1909f56bfc062723c751e8b465ee728b)  -> (artifact id: '13c59c32e69c40ca430b5940d2ce09cc') in 0.534852 seconds 
========================================================================
Received Import Request.
  Time since last request: 15.492364 seconds.
  path: Assets/Prefabs/Enemys/SkullTiki.prefab
  artifactKey: Guid(9e22d0fea5fcb2343923b36e6fefc96d) Importer(815301076,1909f56bfc062723c751e8b465ee728b)
Start importing Assets/Prefabs/Enemys/SkullTiki.prefab using Guid(9e22d0fea5fcb2343923b36e6fefc96d) Importer(815301076,1909f56bfc062723c751e8b465ee728b)  -> (artifact id: 'ea9979b924edaab779cee1274b49412a') in 0.099180 seconds 
========================================================================
Received Import Request.
  Time since last request: 8.779812 seconds.
  path: Assets/Prefabs/Enemys/DemonSkull.prefab
  artifactKey: Guid(4aebc90c6d2d81649a1483d3849fb3ae) Importer(815301076,1909f56bfc062723c751e8b465ee728b)
Start importing Assets/Prefabs/Enemys/DemonSkull.prefab using Guid(4aebc90c6d2d81649a1483d3849fb3ae) Importer(815301076,1909f56bfc062723c751e8b465ee728b)  -> (artifact id: 'c66289aaf5cb50fd05f001b930a53c5c') in 0.236310 seconds 
========================================================================
Received Prepare
Registering precompiled user dll's ...
Registered in 0.017953 seconds.
Begin MonoManager ReloadAssembly
Symbol file LoadedFromMemory doesn't match image C:\Users\nacho\Unity-Proyects\ExpoGame\Library\PackageCache\com.unity.visualscripting@1.8.0\Editor\VisualScripting.Core\Dependencies\YamlDotNet\Unity.VisualScripting.YamlDotNet.dll
Symbol file LoadedFromMemory doesn't match image C:\Users\nacho\Unity-Proyects\ExpoGame\Library\PackageCache\com.unity.visualscripting@1.8.0\Editor\VisualScripting.Core\Dependencies\DotNetZip\Unity.VisualScripting.IonicZip.dll
Native extension for WindowsStandalone target not found
Refreshing native plugins compatible for Editor in 1.75 ms, found 3 plugins.
Preloading 0 native plugins for Editor in 0.00 ms.
Mono: successfully reloaded assembly
- Completed reload, in  5.500 seconds
Domain Reload Profiling:
	ReloadAssembly (5504ms)
		BeginReloadAssembly (905ms)
			ExecutionOrderSort (0ms)
			DisableScriptedObjects (53ms)
			BackupInstance (0ms)
			ReleaseScriptingObjects (0ms)
			CreateAndSetChildDomain (321ms)
		EndReloadAssembly (3886ms)
			LoadAssemblies (438ms)
			RebuildTransferFunctionScriptingTraits (0ms)
			SetupTypeCache (1507ms)
			ReleaseScriptCaches (8ms)
			RebuildScriptCaches (151ms)
			SetupLoadedEditorAssemblies (1613ms)
				LogAssemblyErrors (0ms)
				InitializePlatformSupportModulesInManaged (46ms)
				SetLoadedEditorAssemblies (3ms)
				RefreshPlugins (2ms)
				BeforeProcessingInitializeOnLoad (284ms)
				ProcessInitializeOnLoadAttributes (1019ms)
				ProcessInitializeOnLoadMethodAttributes (185ms)
				AfterProcessingInitializeOnLoad (72ms)
				EditorAssembliesLoaded (1ms)
			ExecutionOrderSort2 (0ms)
			AwakeInstancesAfterBackupRestoration (43ms)
Platform modules already initialized, skipping
Refreshing native plugins compatible for Editor in 6.92 ms, found 3 plugins.
Preloading 0 native plugins for Editor in 0.00 ms.
Unloading 3083 Unused Serialized files (Serialized files now loaded: 0)
Unloading 15 unused Assets / (22.0 KB). Loaded Objects now: 3615.
Memory consumption went from 129.5 MB to 129.5 MB.
Total: 15.969900 ms (FindLiveObjects: 0.952800 ms CreateObjectMapping: 0.899700 ms MarkObjects: 14.004100 ms  DeleteObjects: 0.107100 ms)

AssetImportParameters requested are different than current active one (requested -> active):
  custom:video-decoder-ogg-theora: a1e56fd34408186e4bbccfd4996cb3dc -> 
  custom:container-muxer-webm: aa71ff27fc2769a1b78a27578f13a17b -> 
  custom:container-demuxer-webm: 4f35f7cbe854078d1ac9338744f61a02 -> 
  custom:video-encoder-webm-vp8: eb34c28f22e8b96e1ab97ce403110664 -> 
  custom:CustomObjectIndexerAttribute: bc11b3a6c3213fcdd17b65e7da85e133 -> 
  custom:audio-encoder-webm-vorbis: bf7c407c2cedff20999df2af8eb42d56 -> 
  custom:framework-win-MediaFoundation: 216162199b28c13a410421893ffa2e32 -> 
  custom:container-demuxer-ogg: 62fdf1f143b41e24485cea50d1cbac27 -> 
  custom:video-decoder-webm-vp8: 9c59270c3fd7afecdb556c50c9e8de78 -> 
  custom:audio-decoder-ogg-vorbis: bf7c407c2cedff20999df2af8eb42d56 -> 
========================================================================
Received Import Request.
  Time since last request: 252.530287 seconds.
  path: Assets/Scenes
  artifactKey: Guid(0cc5005bbe1d5344db9dff0d26314a80) Importer(815301076,1909f56bfc062723c751e8b465ee728b)
Start importing Assets/Scenes using Guid(0cc5005bbe1d5344db9dff0d26314a80) Importer(815301076,1909f56bfc062723c751e8b465ee728b)  -> (artifact id: '61412827490ba1b57357cb8d15a04fbf') in 0.058456 seconds 
========================================================================
Received Import Request.
  Time since last request: 17.881468 seconds.
  path: Assets/Scenes/MenuInicio.unity
  artifactKey: Guid(51f52773db5cd3b48879dbdd27384cd2) Importer(815301076,1909f56bfc062723c751e8b465ee728b)
Start importing Assets/Scenes/MenuInicio.unity using Guid(51f52773db5cd3b48879dbdd27384cd2) Importer(815301076,1909f56bfc062723c751e8b465ee728b)  -> (artifact id: '4cedb201eb8482f848c41e69bd91f668') in 0.030388 seconds 
========================================================================
Received Import Request.
  Time since last request: 28699.082017 seconds.
  path: Assets/Scenes/MenuInicio.unity
  artifactKey: Guid(51f52773db5cd3b48879dbdd27384cd2) Importer(815301076,1909f56bfc062723c751e8b465ee728b)
Start importing Assets/Scenes/MenuInicio.unity using Guid(51f52773db5cd3b48879dbdd27384cd2) Importer(815301076,1909f56bfc062723c751e8b465ee728b)  -> (artifact id: '1752d5d229394922ccad4928a2382889') in 0.005458 seconds 
========================================================================
Received Import Request.
  Time since last request: 85.014867 seconds.
  path: Assets/Textures/Halloween/Universal/atlas-emission-a.png
  artifactKey: Guid(6ae3d27c72fdfc8418c53369860ffef9) Importer(815301076,1909f56bfc062723c751e8b465ee728b)
Start importing Assets/Textures/Halloween/Universal/atlas-emission-a.png using Guid(6ae3d27c72fdfc8418c53369860ffef9) Importer(815301076,1909f56bfc062723c751e8b465ee728b)  -> (artifact id: '1f0f943c8328863861bc42552f8b8154') in 0.314404 seconds 
========================================================================
Received Import Request.
  Time since last request: 0.000049 seconds.
  path: Assets/Textures/Halloween/Universal/atlas-smoothness.png
  artifactKey: Guid(9a199780913600a478fee95d35674271) Importer(815301076,1909f56bfc062723c751e8b465ee728b)
Start importing Assets/Textures/Halloween/Universal/atlas-smoothness.png using Guid(9a199780913600a478fee95d35674271) Importer(815301076,1909f56bfc062723c751e8b465ee728b)  -> (artifact id: '5641ece72db03a287f3a14a29f5db446') in 0.051908 seconds 
========================================================================
Received Import Request.
  Time since last request: 0.000058 seconds.
  path: Assets/TextMesh Pro/Examples & Extras/Textures/Mask Zig-n-Zag.psd
  artifactKey: Guid(bb8dfcd263ad4eb383a33d74a720be6f) Importer(815301076,1909f56bfc062723c751e8b465ee728b)
Start importing Assets/TextMesh Pro/Examples & Extras/Textures/Mask Zig-n-Zag.psd using Guid(bb8dfcd263ad4eb383a33d74a720be6f) Importer(815301076,1909f56bfc062723c751e8b465ee728b)  -> (artifact id: '62d9381d320109e0cead7a8a79fe5ada') in 0.041175 seconds 
========================================================================
Received Import Request.
  Time since last request: 0.000064 seconds.
  path: Assets/Textures/Halloween/Universal/atlas-emission-night-a.png
  artifactKey: Guid(3d3361805c7d1d847b8bcd82b59f0a2e) Importer(815301076,1909f56bfc062723c751e8b465ee728b)
Start importing Assets/Textures/Halloween/Universal/atlas-emission-night-a.png using Guid(3d3361805c7d1d847b8bcd82b59f0a2e) Importer(815301076,1909f56bfc062723c751e8b465ee728b)  -> (artifact id: '4ec65c4bb5f9e0af712e6a431155f71e') in 0.038285 seconds 
========================================================================
Received Import Request.
  Time since last request: 0.000063 seconds.
  path: Assets/TextMesh Pro/Examples & Extras/Sprites/Default Sprites.png
  artifactKey: Guid(a0fc465d6cf04254a2938578735e2383) Importer(815301076,1909f56bfc062723c751e8b465ee728b)
Start importing Assets/TextMesh Pro/Examples & Extras/Sprites/Default Sprites.png using Guid(a0fc465d6cf04254a2938578735e2383) Importer(815301076,1909f56bfc062723c751e8b465ee728b)  -> (artifact id: '795db895654d272d5e051722206613a2') in 0.065625 seconds 
========================================================================
Received Import Request.
  Time since last request: 0.000035 seconds.
  path: Assets/TextMesh Pro/Examples & Extras/Textures/Brushed Metal 3.jpg
  artifactKey: Guid(f88677df267a41d6be1e7a6133e7d227) Importer(815301076,1909f56bfc062723c751e8b465ee728b)
Start importing Assets/TextMesh Pro/Examples & Extras/Textures/Brushed Metal 3.jpg using Guid(f88677df267a41d6be1e7a6133e7d227) Importer(815301076,1909f56bfc062723c751e8b465ee728b)  -> (artifact id: 'f3ef8838a58f91685f0d342175f30c93') in 0.044913 seconds 
========================================================================
Received Import Request.
  Time since last request: 0.000045 seconds.
  path: Assets/Textures/Halloween/VFX/candle-fire.png
  artifactKey: Guid(b77cdcc68e278304dbc672743b6f75f6) Importer(815301076,1909f56bfc062723c751e8b465ee728b)
Start importing Assets/Textures/Halloween/VFX/candle-fire.png using Guid(b77cdcc68e278304dbc672743b6f75f6) Importer(815301076,1909f56bfc062723c751e8b465ee728b)  -> (artifact id: '539be99333bb4ad85f0eac9184174098') in 0.038430 seconds 
========================================================================
Received Import Request.
  Time since last request: 0.000065 seconds.
  path: Assets/Textures/Halloween/Nature/dirt-01-alb.png
  artifactKey: Guid(af3cfda8da7b34b46bdc8cf9d95509df) Importer(815301076,1909f56bfc062723c751e8b465ee728b)
Start importing Assets/Textures/Halloween/Nature/dirt-01-alb.png using Guid(af3cfda8da7b34b46bdc8cf9d95509df) Importer(815301076,1909f56bfc062723c751e8b465ee728b)  -> (artifact id: '03f2c2d1309fba6abff88765cd433d51') in 0.033899 seconds 
========================================================================
Received Import Request.
  Time since last request: 0.000044 seconds.
  path: Assets/Textures/Halloween/Universal/atlas-universal-albedo-a.png
  artifactKey: Guid(67add9ef0e23b384292439e0e6ea3dd9) Importer(815301076,1909f56bfc062723c751e8b465ee728b)
Start importing Assets/Textures/Halloween/Universal/atlas-universal-albedo-a.png using Guid(67add9ef0e23b384292439e0e6ea3dd9) Importer(815301076,1909f56bfc062723c751e8b465ee728b)  -> (artifact id: '21680e0d4e0e255d6a36683e269d6e99') in 0.056772 seconds 
========================================================================
Received Import Request.
  Time since last request: 0.000036 seconds.
  path: Assets/TextMesh Pro/Examples & Extras/Textures/Gradient Vertical (Color).jpg
  artifactKey: Guid(03d0538de6e24c0f819bfc9ce084dfa9) Importer(815301076,1909f56bfc062723c751e8b465ee728b)
Start importing Assets/TextMesh Pro/Examples & Extras/Textures/Gradient Vertical (Color).jpg using Guid(03d0538de6e24c0f819bfc9ce084dfa9) Importer(815301076,1909f56bfc062723c751e8b465ee728b)  -> (artifact id: '4deb719a714b8527850329a37f803573') in 0.035119 seconds 
========================================================================
Received Import Request.
  Time since last request: 0.000041 seconds.
  path: Assets/Materials/Horca/Gallows-Normal.png
  artifactKey: Guid(ac3aedf4eddecd9498b97c05029fc923) Importer(815301076,1909f56bfc062723c751e8b465ee728b)
Start importing Assets/Materials/Horca/Gallows-Normal.png using Guid(ac3aedf4eddecd9498b97c05029fc923) Importer(815301076,1909f56bfc062723c751e8b465ee728b)  -> (artifact id: '3046ca0aef39ed695841345979a88bcb') in 0.062946 seconds 
========================================================================
Received Import Request.
  Time since last request: 0.000042 seconds.
  path: Assets/Textures/Brain/Brain_MetallicSmoothness.png
  artifactKey: Guid(73d4599d08252dd44a887a364163ba10) Importer(815301076,1909f56bfc062723c751e8b465ee728b)
Start importing Assets/Textures/Brain/Brain_MetallicSmoothness.png using Guid(73d4599d08252dd44a887a364163ba10) Importer(815301076,1909f56bfc062723c751e8b465ee728b)  -> (artifact id: 'c2d769e8808f8296338ffb3469a4d267') in 0.030522 seconds 
========================================================================
Received Import Request.
  Time since last request: 0.000094 seconds.
  path: Assets/Textures/Halloween/Nature/dirt-01-norm.png
  artifactKey: Guid(322897a3f386af04da16877f496e12c9) Importer(815301076,1909f56bfc062723c751e8b465ee728b)
Start importing Assets/Textures/Halloween/Nature/dirt-01-norm.png using Guid(322897a3f386af04da16877f496e12c9) Importer(815301076,1909f56bfc062723c751e8b465ee728b)  -> (artifact id: '252c27b92bc05d9dcda243adc6fe4487') in 0.055619 seconds 
========================================================================
Received Import Request.
  Time since last request: 0.000034 seconds.
  path: Assets/TextMesh Pro/Examples & Extras/Textures/Gradient Horizontal (Color).jpg
  artifactKey: Guid(6eb184de103d4b3f812b38561065192f) Importer(815301076,1909f56bfc062723c751e8b465ee728b)
Start importing Assets/TextMesh Pro/Examples & Extras/Textures/Gradient Horizontal (Color).jpg using Guid(6eb184de103d4b3f812b38561065192f) Importer(815301076,1909f56bfc062723c751e8b465ee728b)  -> (artifact id: '33df8febb508d6f643d5ba53b31ac579') in 0.030911 seconds 
========================================================================
Received Import Request.
  Time since last request: 0.000040 seconds.
  path: Assets/Textures/Brain/Brain_AlbedoTransparency.png
  artifactKey: Guid(84b82a7cab26fac43bd6cbce2b4a0497) Importer(815301076,1909f56bfc062723c751e8b465ee728b)
Start importing Assets/Textures/Brain/Brain_AlbedoTransparency.png using Guid(84b82a7cab26fac43bd6cbce2b4a0497) Importer(815301076,1909f56bfc062723c751e8b465ee728b)  -> (artifact id: '62440c9aea674ced87918d1f65d87223') in 0.041903 seconds 
========================================================================
Received Import Request.
  Time since last request: 0.000058 seconds.
  path: Assets/Textures/Halloween/Grass/grass-small-b.png
  artifactKey: Guid(0c99fa603b9fdbd47af3df8237d8ae39) Importer(815301076,1909f56bfc062723c751e8b465ee728b)
Start importing Assets/Textures/Halloween/Grass/grass-small-b.png using Guid(0c99fa603b9fdbd47af3df8237d8ae39) Importer(815301076,1909f56bfc062723c751e8b465ee728b)  -> (artifact id: 'd92742be0fd66948a095aa8c74126c2a') in 0.031456 seconds 
========================================================================
Received Import Request.
  Time since last request: 0.000037 seconds.
  path: Assets/TextMesh Pro/Examples & Extras/Textures/Gradient Diagonal (Color).jpg
  artifactKey: Guid(2ce5c55e85304b819a1826ecbc839aa5) Importer(815301076,1909f56bfc062723c751e8b465ee728b)
Start importing Assets/TextMesh Pro/Examples & Extras/Textures/Gradient Diagonal (Color).jpg using Guid(2ce5c55e85304b819a1826ecbc839aa5) Importer(815301076,1909f56bfc062723c751e8b465ee728b)  -> (artifact id: '22cabe61da8b5097f79dcfe49d3c84cb') in 0.044594 seconds 
========================================================================
Received Import Request.
  Time since last request: 0.000054 seconds.
  path: Assets/Materials/Terrain/diffuse.tga
  artifactKey: Guid(f77d739839b967e44898c8a89688369a) Importer(815301076,1909f56bfc062723c751e8b465ee728b)
Start importing Assets/Materials/Terrain/diffuse.tga using Guid(f77d739839b967e44898c8a89688369a) Importer(815301076,1909f56bfc062723c751e8b465ee728b)  -> (artifact id: 'ce992a7a7d19e65231dcc4815b0b217b') in 0.043889 seconds 
========================================================================
Received Import Request.
  Time since last request: 0.000053 seconds.
  path: Assets/Materials/Horca/Gallows-Diffuse.png
  artifactKey: Guid(d3e64e7701c124c4db211dccfbd4c99b) Importer(815301076,1909f56bfc062723c751e8b465ee728b)
Start importing Assets/Materials/Horca/Gallows-Diffuse.png using Guid(d3e64e7701c124c4db211dccfbd4c99b) Importer(815301076,1909f56bfc062723c751e8b465ee728b)  -> (artifact id: '413b07b85ec4a29af93d8e02b651eb95') in 0.029306 seconds 
========================================================================
Received Import Request.
  Time since last request: 0.000039 seconds.
  path: Assets/Textures/Flesh/Flesh_Normal.png
  artifactKey: Guid(5dea7f1d6ae149f4a9949332f6814177) Importer(815301076,1909f56bfc062723c751e8b465ee728b)
Start importing Assets/Textures/Flesh/Flesh_Normal.png using Guid(5dea7f1d6ae149f4a9949332f6814177) Importer(815301076,1909f56bfc062723c751e8b465ee728b)  -> (artifact id: '8595ebc987beb21c55da982eb254d234') in 0.055027 seconds 
========================================================================
Received Import Request.
  Time since last request: 0.000041 seconds.
  path: Assets/TextMesh Pro/Examples & Extras/Sprites/DropCap Numbers.psd
  artifactKey: Guid(fd09957580ac4326916010f1f260975b) Importer(815301076,1909f56bfc062723c751e8b465ee728b)
Start importing Assets/TextMesh Pro/Examples & Extras/Sprites/DropCap Numbers.psd using Guid(fd09957580ac4326916010f1f260975b) Importer(815301076,1909f56bfc062723c751e8b465ee728b)  -> (artifact id: 'ca4a6aa1c122bc34058fb69b8b04b21a') in 0.041305 seconds 
========================================================================
Received Import Request.
  Time since last request: 0.000050 seconds.
  path: Assets/Textures/Brain/Brain_Normal.png
  artifactKey: Guid(a1f236cc6b730c44fa2a2b973121e92c) Importer(815301076,1909f56bfc062723c751e8b465ee728b)
Start importing Assets/Textures/Brain/Brain_Normal.png using Guid(a1f236cc6b730c44fa2a2b973121e92c) Importer(815301076,1909f56bfc062723c751e8b465ee728b)  -> (artifact id: '9b1c037d99a12d2403fbf66e16758940') in 0.034950 seconds 
========================================================================
Received Import Request.
  Time since last request: 0.000083 seconds.
  path: Assets/TextMesh Pro/Sprites/EmojiOne.png
  artifactKey: Guid(dffef66376be4fa480fb02b19edbe903) Importer(815301076,1909f56bfc062723c751e8b465ee728b)
Start importing Assets/TextMesh Pro/Sprites/EmojiOne.png using Guid(dffef66376be4fa480fb02b19edbe903) Importer(815301076,1909f56bfc062723c751e8b465ee728b)  -> (artifact id: '16d3dccdf74c40b76aa319875c55eb5c') in 0.043332 seconds 
========================================================================
Received Import Request.
  Time since last request: 0.000045 seconds.
  path: Assets/Textures/Halloween/Nature/foliage-a.png
  artifactKey: Guid(4ee7f32c8b2899a4ab570162e4deb5f1) Importer(815301076,1909f56bfc062723c751e8b465ee728b)
Start importing Assets/Textures/Halloween/Nature/foliage-a.png using Guid(4ee7f32c8b2899a4ab570162e4deb5f1) Importer(815301076,1909f56bfc062723c751e8b465ee728b)  -> (artifact id: '039dbdbedb369f264c414e7dff6c15e4') in 0.026578 seconds 
========================================================================
Received Import Request.
  Time since last request: 0.000052 seconds.
  path: Assets/Models/Horca/The Gallows Final.fbm/Gallows-Diffuse.png
  artifactKey: Guid(73c412f1bfa3bce4cb9504c97edef282) Importer(815301076,1909f56bfc062723c751e8b465ee728b)
Start importing Assets/Models/Horca/The Gallows Final.fbm/Gallows-Diffuse.png using Guid(73c412f1bfa3bce4cb9504c97edef282) Importer(815301076,1909f56bfc062723c751e8b465ee728b)  -> (artifact id: 'c85b75236a1335d6a1522bba7692f594') in 0.051404 seconds 
========================================================================
Received Import Request.
  Time since last request: 0.000046 seconds.
  path: Assets/Textures/Brain/Brain_AO.png
  artifactKey: Guid(d69759bce5ea3f841bcb0e15950e058a) Importer(815301076,1909f56bfc062723c751e8b465ee728b)
Start importing Assets/Textures/Brain/Brain_AO.png using Guid(d69759bce5ea3f841bcb0e15950e058a) Importer(815301076,1909f56bfc062723c751e8b465ee728b)  -> (artifact id: '63bb3794cbc2be28e38e05d0259f5298') in 0.034888 seconds 
========================================================================
Received Import Request.
  Time since last request: 0.000040 seconds.
  path: Assets/TextMesh Pro/Examples & Extras/Textures/Fruit Jelly (B&W).jpg
  artifactKey: Guid(1cdc5b506b1a4a33a53c30669ced1f51) Importer(815301076,1909f56bfc062723c751e8b465ee728b)
Start importing Assets/TextMesh Pro/Examples & Extras/Textures/Fruit Jelly (B&W).jpg using Guid(1cdc5b506b1a4a33a53c30669ced1f51) Importer(815301076,1909f56bfc062723c751e8b465ee728b)  -> (artifact id: '1e9eec259cc3920cbec909119b5d0c1c') in 0.045528 seconds 
========================================================================
Received Import Request.
  Time since last request: 0.000036 seconds.
  path: Assets/Textures/Halloween/Universal/atlas-metallic.tif
  artifactKey: Guid(fd22d0e5ce533a6458c79bd374ec9cf8) Importer(815301076,1909f56bfc062723c751e8b465ee728b)
Start importing Assets/Textures/Halloween/Universal/atlas-metallic.tif using Guid(fd22d0e5ce533a6458c79bd374ec9cf8) Importer(815301076,1909f56bfc062723c751e8b465ee728b)  -> (artifact id: '8147dd3e546f8877ebcc4d10f2fe7828') in 0.053705 seconds 
========================================================================
Received Import Request.
  Time since last request: 0.000050 seconds.
  path: Assets/TextMesh Pro/Examples & Extras/Textures/Floor Tiles 1 - diffuse.jpg
  artifactKey: Guid(85ac55597b97403c82fc6601a93cf241) Importer(815301076,1909f56bfc062723c751e8b465ee728b)
Start importing Assets/TextMesh Pro/Examples & Extras/Textures/Floor Tiles 1 - diffuse.jpg using Guid(85ac55597b97403c82fc6601a93cf241) Importer(815301076,1909f56bfc062723c751e8b465ee728b)  -> (artifact id: 'bf9d5e917d389de941b1717aeb4792c7') in 0.054063 seconds 
========================================================================
Received Import Request.
  Time since last request: 0.000072 seconds.
  path: Assets/Textures/Flesh/Flesh_MetallicSmoothness.png
  artifactKey: Guid(510b92a79d7b25d4785a61dcc41a408d) Importer(815301076,1909f56bfc062723c751e8b465ee728b)
Start importing Assets/Textures/Flesh/Flesh_MetallicSmoothness.png using Guid(510b92a79d7b25d4785a61dcc41a408d) Importer(815301076,1909f56bfc062723c751e8b465ee728b)  -> (artifact id: '21ddcae51acf2e99f1927b562c2a2e14') in 0.037841 seconds 
========================================================================
Received Import Request.
  Time since last request: 0.000043 seconds.
  path: Assets/Textures/Halloween/Universal/atlas-specular.png
  artifactKey: Guid(ce4cc54c099337c4a83c0569800a533e) Importer(815301076,1909f56bfc062723c751e8b465ee728b)
Start importing Assets/Textures/Halloween/Universal/atlas-specular.png using Guid(ce4cc54c099337c4a83c0569800a533e) Importer(815301076,1909f56bfc062723c751e8b465ee728b)  -> (artifact id: '730de1ce15cbb82edc667eedb7a1d2f9') in 0.033816 seconds 
========================================================================
Received Import Request.
  Time since last request: 0.000044 seconds.
  path: Assets/Materials/Horca/Gallows-Texture PSD.psd
  artifactKey: Guid(e2dfe646a9b880047acba480b9d7573f) Importer(815301076,1909f56bfc062723c751e8b465ee728b)
Start importing Assets/Materials/Horca/Gallows-Texture PSD.psd using Guid(e2dfe646a9b880047acba480b9d7573f) Importer(815301076,1909f56bfc062723c751e8b465ee728b)  -> (artifact id: '6c1389a4ce6268b6f089a200d5b7e23b') in 0.067768 seconds 
========================================================================
Received Import Request.
  Time since last request: 0.000044 seconds.
  path: Assets/Textures/Flesh/Flesh_AlbedoTransparency.png
  artifactKey: Guid(b75a78d17711ca34e8f8e43014fd3729) Importer(815301076,1909f56bfc062723c751e8b465ee728b)
Start importing Assets/Textures/Flesh/Flesh_AlbedoTransparency.png using Guid(b75a78d17711ca34e8f8e43014fd3729) Importer(815301076,1909f56bfc062723c751e8b465ee728b)  -> (artifact id: '472de6e9a340d58faf29f146412fd771') in 0.027246 seconds 
========================================================================
Received Import Request.
  Time since last request: 0.000041 seconds.
  path: Assets/TextMesh Pro/Examples & Extras/Textures/Floor Cement.jpg
  artifactKey: Guid(283f897e4925411ebbaa758b4cb13fc2) Importer(815301076,1909f56bfc062723c751e8b465ee728b)
Start importing Assets/TextMesh Pro/Examples & Extras/Textures/Floor Cement.jpg using Guid(283f897e4925411ebbaa758b4cb13fc2) Importer(815301076,1909f56bfc062723c751e8b465ee728b)  -> (artifact id: '918ee4193cc2ea53ee0c3fcf280178c6') in 0.039459 seconds 
========================================================================
Received Import Request.
  Time since last request: 0.000041 seconds.
  path: Assets/Textures/Flesh/Flesh_AO.png
  artifactKey: Guid(a4897ec95d3648848b23f8ffefdf576f) Importer(815301076,1909f56bfc062723c751e8b465ee728b)
Start importing Assets/Textures/Flesh/Flesh_AO.png using Guid(a4897ec95d3648848b23f8ffefdf576f) Importer(815301076,1909f56bfc062723c751e8b465ee728b)  -> (artifact id: '48615d0b0a0e4f597b108b529c69f8ed') in 0.026350 seconds 
========================================================================
Received Import Request.
  Time since last request: 2.684435 seconds.
  path: Assets/Textures/NaturePackLite_Texture_01.png
  artifactKey: Guid(28a51d508c86a8948b59df81d5188b17) Importer(815301076,1909f56bfc062723c751e8b465ee728b)
Start importing Assets/Textures/NaturePackLite_Texture_01.png using Guid(28a51d508c86a8948b59df81d5188b17) Importer(815301076,1909f56bfc062723c751e8b465ee728b)  -> (artifact id: 'e411c7448c292f6116bd6a02362e532f') in 0.061800 seconds 
========================================================================
Received Import Request.
  Time since last request: 0.000047 seconds.
  path: Assets/Textures/Halloween/Nature/rock-alb.png
  artifactKey: Guid(40e374805b2001a41874e896927989bd) Importer(815301076,1909f56bfc062723c751e8b465ee728b)
Start importing Assets/Textures/Halloween/Nature/rock-alb.png using Guid(40e374805b2001a41874e896927989bd) Importer(815301076,1909f56bfc062723c751e8b465ee728b)  -> (artifact id: '86347e53c9a57b72cef07703bcfcf74d') in 0.052998 seconds 
========================================================================
Received Import Request.
  Time since last request: 0.000060 seconds.
  path: Assets/Materials/Terrain/normal.tga
  artifactKey: Guid(0c64d261e58031345b9844438ceb0af9) Importer(815301076,1909f56bfc062723c751e8b465ee728b)
Start importing Assets/Materials/Terrain/normal.tga using Guid(0c64d261e58031345b9844438ceb0af9) Importer(815301076,1909f56bfc062723c751e8b465ee728b)  -> (artifact id: 'b2c1f1de28466ed379b19e5ca554c9d9') in 0.043714 seconds 
========================================================================
Received Import Request.
  Time since last request: 0.000037 seconds.
  path: Assets/Materials/Terrain/preview.jpg
  artifactKey: Guid(a9151bfe4152f2748846a0fa52b216be) Importer(815301076,1909f56bfc062723c751e8b465ee728b)
Start importing Assets/Materials/Terrain/preview.jpg using Guid(a9151bfe4152f2748846a0fa52b216be) Importer(815301076,1909f56bfc062723c751e8b465ee728b)  -> (artifact id: '06f5419df847f6cf1a9351290909a5da') in 0.038602 seconds 
========================================================================
Received Import Request.
  Time since last request: 0.000048 seconds.
  path: Assets/Textures/Halloween/Nature/rock-ao.png
  artifactKey: Guid(2a791edb0bb21864eba0b6be58c3152f) Importer(815301076,1909f56bfc062723c751e8b465ee728b)
Start importing Assets/Textures/Halloween/Nature/rock-ao.png using Guid(2a791edb0bb21864eba0b6be58c3152f) Importer(815301076,1909f56bfc062723c751e8b465ee728b)  -> (artifact id: 'b37de8a39f12bffc8b12d858ebadeb06') in 0.065099 seconds 
========================================================================
Received Import Request.
  Time since last request: 0.000039 seconds.
  path: Assets/TextMesh Pro/Examples & Extras/Textures/Small Crate_normal.jpg
  artifactKey: Guid(8878a782f4334ecbbcf683b3ac780966) Importer(815301076,1909f56bfc062723c751e8b465ee728b)
Start importing Assets/TextMesh Pro/Examples & Extras/Textures/Small Crate_normal.jpg using Guid(8878a782f4334ecbbcf683b3ac780966) Importer(815301076,1909f56bfc062723c751e8b465ee728b)  -> (artifact id: '40deefdad41b825cf32ac8d04739e8f7') in 0.037863 seconds 
========================================================================
Received Import Request.
  Time since last request: 0.000045 seconds.
  path: Assets/TextMesh Pro/Examples & Extras/Textures/Small Crate_diffuse.jpg
  artifactKey: Guid(602cb87b6a29443b8636370ea0751574) Importer(815301076,1909f56bfc062723c751e8b465ee728b)
Start importing Assets/TextMesh Pro/Examples & Extras/Textures/Small Crate_diffuse.jpg using Guid(602cb87b6a29443b8636370ea0751574) Importer(815301076,1909f56bfc062723c751e8b465ee728b)  -> (artifact id: '7a2e96a16a6aed2e79ca1705e14cb0b3') in 0.058687 seconds 
========================================================================
Received Import Request.
  Time since last request: 0.000067 seconds.
  path: Assets/TextMesh Pro/Examples & Extras/Textures/Sunny Days - Seamless.jpg
  artifactKey: Guid(17c350171f7a3ca479f830547c66d187) Importer(815301076,1909f56bfc062723c751e8b465ee728b)
Start importing Assets/TextMesh Pro/Examples & Extras/Textures/Sunny Days - Seamless.jpg using Guid(17c350171f7a3ca479f830547c66d187) Importer(815301076,1909f56bfc062723c751e8b465ee728b)  -> (artifact id: '7c248e88c498e91464ef1ba4498f8ccb') in 0.038130 seconds 
========================================================================
Received Import Request.
  Time since last request: 0.000059 seconds.
  path: Assets/Textures/Halloween/Nature/rock-disp.png
  artifactKey: Guid(a5c65a2ac300f064daa45a296a907880) Importer(815301076,1909f56bfc062723c751e8b465ee728b)
Start importing Assets/Textures/Halloween/Nature/rock-disp.png using Guid(a5c65a2ac300f064daa45a296a907880) Importer(815301076,1909f56bfc062723c751e8b465ee728b)  -> (artifact id: 'c072c4984a6deece65319a8ca8df4115') in 0.055049 seconds 
========================================================================
Received Import Request.
  Time since last request: 0.000039 seconds.
  path: Assets/TextMesh Pro/Examples & Extras/Textures/Wipe Pattern - Radial Quad.psd
  artifactKey: Guid(2b5e9ae96c5644d8bae932f8b4ca68a2) Importer(815301076,1909f56bfc062723c751e8b465ee728b)
Start importing Assets/TextMesh Pro/Examples & Extras/Textures/Wipe Pattern - Radial Quad.psd using Guid(2b5e9ae96c5644d8bae932f8b4ca68a2) Importer(815301076,1909f56bfc062723c751e8b465ee728b)  -> (artifact id: '97f5411a85089841de90006d7a1ae608') in 0.053499 seconds 
========================================================================
Received Import Request.
  Time since last request: 0.000051 seconds.
  path: Assets/TextMesh Pro/Examples & Extras/Textures/Wipe Pattern - Circle.psd
  artifactKey: Guid(10c49fcd9c64421db7c0133e61e55f97) Importer(815301076,1909f56bfc062723c751e8b465ee728b)
Start importing Assets/TextMesh Pro/Examples & Extras/Textures/Wipe Pattern - Circle.psd using Guid(10c49fcd9c64421db7c0133e61e55f97) Importer(815301076,1909f56bfc062723c751e8b465ee728b)  -> (artifact id: '8ffb4d18e1b93089c4fc849eb8eb57ce') in 0.029776 seconds 
========================================================================
Received Import Request.
  Time since last request: 0.000059 seconds.
  path: Assets/TextMesh Pro/Examples & Extras/Textures/Text Overflow - Linked Text Image 1.png
  artifactKey: Guid(4ccf43d26c4748c792174516f4a8fcef) Importer(815301076,1909f56bfc062723c751e8b465ee728b)
Start importing Assets/TextMesh Pro/Examples & Extras/Textures/Text Overflow - Linked Text Image 1.png using Guid(4ccf43d26c4748c792174516f4a8fcef) Importer(815301076,1909f56bfc062723c751e8b465ee728b)  -> (artifact id: '7d20a6b8ea575a697093f273fa286126') in 0.061541 seconds 
========================================================================
Received Import Request.
  Time since last request: 0.000055 seconds.
  path: Assets/TextMesh Pro/Examples & Extras/Textures/Wipe Pattern - Diagonal.psd
  artifactKey: Guid(ed5290d8df18488780e2996b9b882f01) Importer(815301076,1909f56bfc062723c751e8b465ee728b)
Start importing Assets/TextMesh Pro/Examples & Extras/Textures/Wipe Pattern - Diagonal.psd using Guid(ed5290d8df18488780e2996b9b882f01) Importer(815301076,1909f56bfc062723c751e8b465ee728b)  -> (artifact id: 'd461ebdb063faf7385eddaa533c23ca5') in 0.032614 seconds 
========================================================================
Received Import Request.
  Time since last request: 0.000048 seconds.
  path: Assets/Textures/Halloween/Universal/universal-mask-map.tif
  artifactKey: Guid(5484b2c0e3fe5ca4d98cc56a3eeba800) Importer(815301076,1909f56bfc062723c751e8b465ee728b)
Start importing Assets/Textures/Halloween/Universal/universal-mask-map.tif using Guid(5484b2c0e3fe5ca4d98cc56a3eeba800) Importer(815301076,1909f56bfc062723c751e8b465ee728b)  -> (artifact id: '77599c3b9e47b1faf8771214d07a0528') in 0.057138 seconds 
========================================================================
Received Import Request.
  Time since last request: 0.000072 seconds.
  path: Assets/TextMesh Pro/Examples & Extras/Textures/Text Overflow - Linked Text UI Screenshot.png
  artifactKey: Guid(c76d18757a194d618355f05f815cb0a1) Importer(815301076,1909f56bfc062723c751e8b465ee728b)
Start importing Assets/TextMesh Pro/Examples & Extras/Textures/Text Overflow - Linked Text UI Screenshot.png using Guid(c76d18757a194d618355f05f815cb0a1) Importer(815301076,1909f56bfc062723c751e8b465ee728b)  -> (artifact id: 'd243d14cfe7fe09582b4f1f52f867261') in 0.041865 seconds 
========================================================================
Received Import Request.
  Time since last request: 0.000049 seconds.
  path: Assets/TextMesh Pro/Examples & Extras/Textures/Wipe Pattern - Radial Double.psd
  artifactKey: Guid(7631f4eff8f74ed38eb3eb9db17134e1) Importer(815301076,1909f56bfc062723c751e8b465ee728b)
Start importing Assets/TextMesh Pro/Examples & Extras/Textures/Wipe Pattern - Radial Double.psd using Guid(7631f4eff8f74ed38eb3eb9db17134e1) Importer(815301076,1909f56bfc062723c751e8b465ee728b)  -> (artifact id: '6baf3dea1fa2a39f55ef0beca4919312') in 0.051191 seconds 
========================================================================
Received Import Request.
  Time since last request: 0.000057 seconds.
  path: Assets/Textures/Halloween/Nature/rock-norm.png
  artifactKey: Guid(4cbf06d4165475941aacbacdf3107599) Importer(815301076,1909f56bfc062723c751e8b465ee728b)
Start importing Assets/Textures/Halloween/Nature/rock-norm.png using Guid(4cbf06d4165475941aacbacdf3107599) Importer(815301076,1909f56bfc062723c751e8b465ee728b)  -> (artifact id: 'e3258f41369ee7b1db967c416e0a64a2') in 0.045297 seconds 
